###############################################################################
#                                                                             #
# IAR C/C++ Compiler V8.10.3.10338/W32 for 8051         04/Dec/2023  14:20:47 #
# Copyright 2004-2011 IAR Systems AB.                                         #
#                                                                             #
#    Core               =  plain                                              #
#    Code model         =  banked                                             #
#    Data model         =  large                                              #
#    Calling convention =  xdata reentrant                                    #
#    Constant location  =  data_rom                                           #
#    Dptr setup         =  1,16                                               #
#    Source file        =  D:\B2B-Zpro\zubo\ZStack-CC2530-2.5.1a\Projects\zst #
#                          ack\Samples\SampleApp\Source\SampleApp.c           #
#    Command line       =  -f D:\B2B-Zpro\zubo\ZStack-CC2530-2.5.1a\Projects\ #
#                          zstack\Samples\SampleApp\CC2530DB\..\..\..\Tools\C #
#                          C2530DB\f8wCoord.cfg (-DCPU32MHZ                   #
#                          -DROOT=__near_func -DMAC_CFG_APP_PENDING_QUEUE=TRU #
#                          E -DMAC_CFG_TX_DATA_MAX=5 -DMAC_CFG_TX_MAX=8       #
#                          -DMAC_CFG_RX_MAX=5 -DZDO_COORDINATOR -DRTR_NWK)    #
#                          -f D:\B2B-Zpro\zubo\ZStack-CC2530-2.5.1a\Projects\ #
#                          zstack\Samples\SampleApp\CC2530DB\..\..\..\Tools\C #
#                          C2530DB\f8wConfig.cfg (-DZIGBEEPRO -DSECURE=0      #
#                          -DZG_SECURE_DYNAMIC=0 -DREFLECTOR                  #
#                          -DDEFAULT_CHANLIST=0x00000800                      #
#                          -DZDAPP_CONFIG_PAN_ID=0xFFFF                       #
#                          -DNWK_START_DELAY=100 -DEXTENDED_JOINING_RANDOM_MA #
#                          SK=0x007F -DBEACON_REQUEST_DELAY=100               #
#                          -DBEACON_REQ_DELAY_MASK=0x00FF                     #
#                          -DLINK_STATUS_JITTER_MASK=0x007F                   #
#                          -DROUTE_EXPIRY_TIME=30 -DAPSC_ACK_WAIT_DURATION_PO #
#                          LLED=3000 -DNWK_INDIRECT_MSG_TIMEOUT=7             #
#                          -DMAX_RREQ_ENTRIES=8 -DAPSC_MAX_FRAME_RETRIES=3    #
#                          -DNWK_MAX_DATA_RETRIES=2                           #
#                          -DMAX_POLL_FAILURE_RETRIES=2 -DMAX_BCAST=9         #
#                          -DAPS_MAX_GROUPS=16 -DMAX_RTG_ENTRIES=40           #
#                          -DNWK_MAX_BINDING_ENTRIES=4                        #
#                          -DMAX_BINDING_CLUSTER_IDS=4 "-DDEFAULT_KEY={0x01,  #
#                          0x03, 0x05, 0x07, 0x09, 0x0B, 0x0D, 0x0F, 0x00,    #
#                          0x02, 0x04, 0x06, 0x08, 0x0A, 0x0C, 0x0D}"         #
#                          -DMAC_MAX_FRAME_SIZE=116                           #
#                          -DZDNWKMGR_MIN_TRANSMISSIONS=20 "-DCONST=const     #
#                          __code" -DGENERIC=__generic                        #
#                          -DRFD_RCVC_ALWAYS_ON=FALSE -DPOLL_RATE=1000        #
#                          -DQUEUED_POLL_RATE=100 -DRESPONSE_POLL_RATE=100)   #
#                          -DREJOIN_POLL_RATE=440 D:\B2B-Zpro\zubo\ZStack-CC2 #
#                          530-2.5.1a\Projects\zstack\Samples\SampleApp\Sourc #
#                          e\SampleApp.c -D ZTOOL_P1 -D MT_TASK -D            #
#                          MT_SYS_FUNC -D MT_ZDO_FUNC -D LCD_SUPPORTED=DEBUG  #
#                          -lC D:\B2B-Zpro\zubo\ZStack-CC2530-2.5.1a\Projects #
#                          \zstack\Samples\SampleApp\CC2530DB\CoordinatorEB\L #
#                          ist\ -lA D:\B2B-Zpro\zubo\ZStack-CC2530-2.5.1a\Pro #
#                          jects\zstack\Samples\SampleApp\CC2530DB\Coordinato #
#                          rEB\List\ --diag_suppress Pe001,Pa010 -o           #
#                          D:\B2B-Zpro\zubo\ZStack-CC2530-2.5.1a\Projects\zst #
#                          ack\Samples\SampleApp\CC2530DB\CoordinatorEB\Obj\  #
#                          -e --no_code_motion --debug --core=plain           #
#                          --dptr=16,1 --data_model=large                     #
#                          --code_model=banked --calling_convention=xdata_ree #
#                          ntrant --place_constants=data_rom                  #
#                          --nr_virtual_regs 16 -I D:\B2B-Zpro\zubo\ZStack-CC #
#                          2530-2.5.1a\Projects\zstack\Samples\SampleApp\CC25 #
#                          30DB\ -I D:\B2B-Zpro\zubo\ZStack-CC2530-2.5.1a\Pro #
#                          jects\zstack\Samples\SampleApp\CC2530DB\..\Source\ #
#                           -I D:\B2B-Zpro\zubo\ZStack-CC2530-2.5.1a\Projects #
#                          \zstack\Samples\SampleApp\CC2530DB\..\..\..\ZMain\ #
#                          TI2530DB\ -I D:\B2B-Zpro\zubo\ZStack-CC2530-2.5.1a #
#                          \Projects\zstack\Samples\SampleApp\CC2530DB\..\..\ #
#                          ..\..\..\Components\hal\include\ -I                #
#                          D:\B2B-Zpro\zubo\ZStack-CC2530-2.5.1a\Projects\zst #
#                          ack\Samples\SampleApp\CC2530DB\..\..\..\..\..\Comp #
#                          onents\hal\target\CC2530EB\ -I                     #
#                          D:\B2B-Zpro\zubo\ZStack-CC2530-2.5.1a\Projects\zst #
#                          ack\Samples\SampleApp\CC2530DB\..\..\..\..\..\Comp #
#                          onents\mac\include\ -I D:\B2B-Zpro\zubo\ZStack-CC2 #
#                          530-2.5.1a\Projects\zstack\Samples\SampleApp\CC253 #
#                          0DB\..\..\..\..\..\Components\mac\high_level\ -I   #
#                          D:\B2B-Zpro\zubo\ZStack-CC2530-2.5.1a\Projects\zst #
#                          ack\Samples\SampleApp\CC2530DB\..\..\..\..\..\Comp #
#                          onents\mac\low_level\srf04\ -I                     #
#                          D:\B2B-Zpro\zubo\ZStack-CC2530-2.5.1a\Projects\zst #
#                          ack\Samples\SampleApp\CC2530DB\..\..\..\..\..\Comp #
#                          onents\mac\low_level\srf04\single_chip\ -I         #
#                          D:\B2B-Zpro\zubo\ZStack-CC2530-2.5.1a\Projects\zst #
#                          ack\Samples\SampleApp\CC2530DB\..\..\..\..\..\Comp #
#                          onents\mt\ -I D:\B2B-Zpro\zubo\ZStack-CC2530-2.5.1 #
#                          a\Projects\zstack\Samples\SampleApp\CC2530DB\..\.. #
#                          \..\..\..\Components\osal\include\ -I              #
#                          D:\B2B-Zpro\zubo\ZStack-CC2530-2.5.1a\Projects\zst #
#                          ack\Samples\SampleApp\CC2530DB\..\..\..\..\..\Comp #
#                          onents\services\saddr\ -I                          #
#                          D:\B2B-Zpro\zubo\ZStack-CC2530-2.5.1a\Projects\zst #
#                          ack\Samples\SampleApp\CC2530DB\..\..\..\..\..\Comp #
#                          onents\services\sdata\ -I                          #
#                          D:\B2B-Zpro\zubo\ZStack-CC2530-2.5.1a\Projects\zst #
#                          ack\Samples\SampleApp\CC2530DB\..\..\..\..\..\Comp #
#                          onents\stack\af\ -I D:\B2B-Zpro\zubo\ZStack-CC2530 #
#                          -2.5.1a\Projects\zstack\Samples\SampleApp\CC2530DB #
#                          \..\..\..\..\..\Components\stack\nwk\ -I           #
#                          D:\B2B-Zpro\zubo\ZStack-CC2530-2.5.1a\Projects\zst #
#                          ack\Samples\SampleApp\CC2530DB\..\..\..\..\..\Comp #
#                          onents\stack\sapi\ -I D:\B2B-Zpro\zubo\ZStack-CC25 #
#                          30-2.5.1a\Projects\zstack\Samples\SampleApp\CC2530 #
#                          DB\..\..\..\..\..\Components\stack\sec\ -I         #
#                          D:\B2B-Zpro\zubo\ZStack-CC2530-2.5.1a\Projects\zst #
#                          ack\Samples\SampleApp\CC2530DB\..\..\..\..\..\Comp #
#                          onents\stack\sys\ -I D:\B2B-Zpro\zubo\ZStack-CC253 #
#                          0-2.5.1a\Projects\zstack\Samples\SampleApp\CC2530D #
#                          B\..\..\..\..\..\Components\stack\zdo\ -I          #
#                          D:\B2B-Zpro\zubo\ZStack-CC2530-2.5.1a\Projects\zst #
#                          ack\Samples\SampleApp\CC2530DB\..\..\..\..\..\Comp #
#                          onents\zmac\ -I D:\B2B-Zpro\zubo\ZStack-CC2530-2.5 #
#                          .1a\Projects\zstack\Samples\SampleApp\CC2530DB\..\ #
#                          ..\..\..\..\Components\zmac\f8w\ -Ohz              #
#                          --require_prototypes                               #
#    List file          =  D:\B2B-Zpro\zubo\ZStack-CC2530-2.5.1a\Projects\zst #
#                          ack\Samples\SampleApp\CC2530DB\CoordinatorEB\List\ #
#                          SampleApp.lst                                      #
#    Object file        =  D:\B2B-Zpro\zubo\ZStack-CC2530-2.5.1a\Projects\zst #
#                          ack\Samples\SampleApp\CC2530DB\CoordinatorEB\Obj\S #
#                          ampleApp.r51                                       #
#                                                                             #
#                                                                             #
###############################################################################

D:\B2B-Zpro\zubo\ZStack-CC2530-2.5.1a\Projects\zstack\Samples\SampleApp\Source\SampleApp.c
      1          /**************************************************************************************************
      2            Filename:       SampleApp.c
      3            Revised:        $Date: 2009-03-18 15:56:27 -0700 (Wed, 18 Mar 2009) $
      4            Revision:       $Revision: 19453 $
      5          
      6            Description:    Sample Application (no Profile).
      7          
      8          
      9            Copyright 2007 Texas Instruments Incorporated. All rights reserved.
     10          
     11            IMPORTANT: Your use of this Software is limited to those specific rights
     12            granted under the terms of a software license agreement between the user
     13            who downloaded the software, his/her employer (which must be your employer)
     14            and Texas Instruments Incorporated (the "License").  You may not use this
     15            Software unless you agree to abide by the terms of the License. The License
     16            limits your use, and you acknowledge, that the Software may not be modified,
     17            copied or distributed unless embedded on a Texas Instruments microcontroller
     18            or used solely and exclusively in conjunction with a Texas Instruments radio
     19            frequency transceiver, which is integrated into your product.  Other than for
     20            the foregoing purpose, you may not use, reproduce, copy, prepare derivative
     21            works of, modify, distribute, perform, display or sell this Software and/or
     22            its documentation for any purpose.
     23          
     24            YOU FURTHER ACKNOWLEDGE AND AGREE THAT THE SOFTWARE AND DOCUMENTATION ARE
     25            PROVIDED “AS IS?WITHOUT WARRANTY OF ANY KIND, EITHER EXPRESS OR IMPLIED,
     26            INCLUDING WITHOUT LIMITATION, ANY WARRANTY OF MERCHANTABILITY, TITLE,
     27            NON-INFRINGEMENT AND FITNESS FOR A PARTICULAR PURPOSE. IN NO EVENT SHALL
     28            TEXAS INSTRUMENTS OR ITS LICENSORS BE LIABLE OR OBLIGATED UNDER CONTRACT,
     29            NEGLIGENCE, STRICT LIABILITY, CONTRIBUTION, BREACH OF WARRANTY, OR OTHER
     30            LEGAL EQUITABLE THEORY ANY DIRECT OR INDIRECT DAMAGES OR EXPENSES
     31            INCLUDING BUT NOT LIMITED TO ANY INCIDENTAL, SPECIAL, INDIRECT, PUNITIVE
     32            OR CONSEQUENTIAL DAMAGES, LOST PROFITS OR LOST DATA, COST OF PROCUREMENT
     33            OF SUBSTITUTE GOODS, TECHNOLOGY, SERVICES, OR ANY CLAIMS BY THIRD PARTIES
     34            (INCLUDING BUT NOT LIMITED TO ANY DEFENSE THEREOF), OR OTHER SIMILAR COSTS.
     35          
     36            Should you have any questions regarding your right to use this Software,
     37            contact Texas Instruments Incorporated at www.TI.com.
     38          **************************************************************************************************/
     39          
     40          /*********************************************************************
     41            This application isn't intended to do anything useful, it is
     42            intended to be a simple example of an application's structure.
     43          
     44            This application sends it's messages either as broadcast or
     45            broadcast filtered group messages.  The other (more normal)
     46            message addressing is unicast.  Most of the other sample
     47            applications are written to support the unicast message model.
     48          
     49            Key control:
     50              SW1:  Sends a flash command to all devices in Group 1.
     51              SW2:  Adds/Removes (toggles) this device in and out
     52                    of Group 1.  This will enable and disable the
     53                    reception of the flash command.
     54          *********************************************************************/
     55          
     56          /*********************************************************************
     57           * INCLUDES
     58           */
     59          #include "OSAL.h"
     60          #include "ZGlobals.h"
     61          #include "AF.h"
     62          #include "aps_groups.h"
     63          #include "ZDApp.h"
     64          
     65          #include "SampleApp.h"
     66          #include "SampleAppHw.h"
     67          
     68          #include "OnBoard.h"
     69          
     70          /* HAL */
     71          #include "hal_lcd.h"
     72          #include "hal_led.h"
     73          #include "hal_key.h"
     74          
     75          /*********************************************************************
     76           * MACROS
     77           */
     78          
     79          /*********************************************************************
     80           * CONSTANTS
     81           */
     82          
     83          /*********************************************************************
     84           * TYPEDEFS
     85           */
     86          
     87          /*********************************************************************
     88           * GLOBAL VARIABLES
     89           */

   \                                 In  segment XDATA_Z, align 1, keep-with-next
     90          uint8 LedState = 0;
   \                     LedState:
   \   000000                DS 1
   \   000001                REQUIRE __INIT_XDATA_Z
     91          // This list should be filled with Application specific Cluster IDs.

   \                                 In  segment XDATA_ROM_C, align 1
     92          const cId_t SampleApp_ClusterList[SAMPLEAPP_MAX_CLUSTERS] =
   \                     SampleApp_ClusterList:
   \   000000   0100         DW 1
   \   000002   0200         DW 2
     93          {
     94            SAMPLEAPP_PERIODIC_CLUSTERID,
     95            SAMPLEAPP_FLASH_CLUSTERID
     96          };
     97          

   \                                 In  segment XDATA_ROM_C, align 1
     98          const SimpleDescriptionFormat_t SampleApp_SimpleDesc =
   \                     SampleApp_SimpleDesc:
   \   000000   14           DB 20
   \   000001   080F         DW 3848
   \   000003   0100         DW 1
   \   000005   00           DB 0
   \   000006   02           DB 2
   \   000007   ....         DW SampleApp_ClusterList
   \   000009   02           DB 2
   \   00000A   ....         DW SampleApp_ClusterList
     99          {
    100            SAMPLEAPP_ENDPOINT,              //  int Endpoint;
    101            SAMPLEAPP_PROFID,                //  uint16 AppProfId[2];
    102            SAMPLEAPP_DEVICEID,              //  uint16 AppDeviceId[2];
    103            SAMPLEAPP_DEVICE_VERSION,        //  int   AppDevVer:4;
    104            SAMPLEAPP_FLAGS,                 //  int   AppFlags:4;
    105            SAMPLEAPP_MAX_CLUSTERS,          //  uint8  AppNumInClusters;
    106            (cId_t *)SampleApp_ClusterList,  //  uint8 *pAppInClusterList;
    107            SAMPLEAPP_MAX_CLUSTERS,          //  uint8  AppNumInClusters;
    108            (cId_t *)SampleApp_ClusterList   //  uint8 *pAppInClusterList;
    109          };
    110          
    111          // This is the Endpoint/Interface description.  It is defined here, but
    112          // filled-in in SampleApp_Init().  Another way to go would be to fill
    113          // in the structure here and make it a "const" (in code space).  The
    114          // way it's defined in this sample app it is define in RAM.

   \                                 In  segment XDATA_Z, align 1, keep-with-next
    115          endPointDesc_t SampleApp_epDesc;
   \                     SampleApp_epDesc:
   \   000000                DS 6
   \   000006                REQUIRE __INIT_XDATA_Z
    116          
    117          /*********************************************************************
    118           * EXTERNAL VARIABLES
    119           */
    120          
    121          /*********************************************************************
    122           * EXTERNAL FUNCTIONS
    123           */
    124          
    125          /*********************************************************************
    126           * LOCAL VARIABLES
    127           */

   \                                 In  segment XDATA_Z, align 1, keep-with-next
    128          uint8 SampleApp_TaskID;   // Task ID for internal task/event processing
   \                     SampleApp_TaskID:
   \   000000                DS 1
   \   000001                REQUIRE __INIT_XDATA_Z
    129                                    // This variable will be received when
    130                                    // SampleApp_Init() is called.

   \                                 In  segment XDATA_Z, align 1, keep-with-next
    131          devStates_t SampleApp_NwkState;
   \                     SampleApp_NwkState:
   \   000000                DS 1
   \   000001                REQUIRE __INIT_XDATA_Z
    132          

   \                                 In  segment XDATA_Z, align 1, keep-with-next
    133          uint8 SampleApp_TransID;  // This is the unique message ID (counter)
   \                     SampleApp_TransID:
   \   000000                DS 1
   \   000001                REQUIRE __INIT_XDATA_Z
    134          

   \                                 In  segment XDATA_Z, align 1, keep-with-next
    135          afAddrType_t SampleApp_Periodic_DstAddr;
   \                     SampleApp_Periodic_DstAddr:
   \   000000                DS 12
   \   00000C                REQUIRE __INIT_XDATA_Z

   \                                 In  segment XDATA_Z, align 1, keep-with-next
    136          afAddrType_t SampleApp_Flash_DstAddr;
   \                     SampleApp_Flash_DstAddr:
   \   000000                DS 12
   \   00000C                REQUIRE __INIT_XDATA_Z
    137          

   \                                 In  segment XDATA_Z, align 1, keep-with-next
    138          aps_Group_t SampleApp_Group;
   \                     SampleApp_Group:
   \   000000                DS 18
   \   000012                REQUIRE __INIT_XDATA_Z
    139          

   \                                 In  segment XDATA_Z, align 1, keep-with-next
    140          uint8 SampleAppPeriodicCounter = 0;
   \                     SampleAppPeriodicCounter:
   \   000000                DS 1
   \   000001                REQUIRE __INIT_XDATA_Z

   \                                 In  segment XDATA_Z, align 1, keep-with-next
    141          uint8 SampleAppFlashCounter = 0;
   \                     SampleAppFlashCounter:
   \   000000                DS 1
   \   000001                REQUIRE __INIT_XDATA_Z
    142          
    143          /*********************************************************************
    144           * LOCAL FUNCTIONS
    145           */
    146          void SampleApp_HandleKeys( uint8 shift, uint8 keys );
    147          void SampleApp_MessageMSGCB( afIncomingMSGPacket_t *pckt );
    148          void SampleApp_SendPeriodicMessage( void );
    149          void SampleApp_SendFlashMessage( uint16 flashTime );
    150          
    151          /*********************************************************************
    152           * NETWORK LAYER CALLBACKS
    153           */
    154          
    155          /*********************************************************************
    156           * PUBLIC FUNCTIONS
    157           */
    158          
    159          /*********************************************************************
    160           * @fn      SampleApp_Init
    161           *
    162           * @brief   Initialization function for the Generic App Task.
    163           *          This is called during initialization and should contain
    164           *          any application specific initialization (ie. hardware
    165           *          initialization/setup, table initialization, power up
    166           *          notificaiton ... ).
    167           *
    168           * @param   task_id - the ID assigned by OSAL.  This ID should be
    169           *                    used to send messages and set timers.
    170           *
    171           * @return  none
    172           */

   \                                 In  segment BANKED_CODE, align 1, keep-with-next
    173          void SampleApp_Init( uint8 task_id )
   \                     SampleApp_Init:
    174          {
   \   000000   74F5         MOV     A,#-0xb
   \   000002   12....       LCALL   ?BANKED_ENTER_XDATA
   \   000005                ; Saved register size: 11
   \   000005                ; Auto size: 0
   \   000005   E9           MOV     A,R1
    175            SampleApp_TaskID = task_id;
   \   000006   90....       MOV     DPTR,#SampleApp_TaskID
   \   000009   F0           MOVX    @DPTR,A
    176            SampleApp_NwkState = DEV_INIT;
   \   00000A   90....       MOV     DPTR,#SampleApp_NwkState
   \   00000D   7401         MOV     A,#0x1
   \   00000F   F0           MOVX    @DPTR,A
    177            SampleApp_TransID = 0;
   \   000010   90....       MOV     DPTR,#SampleApp_TransID
   \   000013   E4           CLR     A
   \   000014   F0           MOVX    @DPTR,A
    178          
    179            // Device hardware initialization can be added here or in main() (Zmain.c).
    180            // If the hardware is application specific - add it here.
    181            // If the hardware is other parts of the device add it in main().
    182          
    183           #if defined ( BUILD_ALL_DEVICES )
    184            // The "Demo" target is setup to have BUILD_ALL_DEVICES and HOLD_AUTO_START
    185            // We are looking at a jumper (defined in SampleAppHw.c) to be jumpered
    186            // together - if they are - we will start up a coordinator. Otherwise,
    187            // the device will start as a router.
    188            if ( readCoordinatorJumper() )
    189              zgDeviceLogicalType = ZG_DEVICETYPE_COORDINATOR;
    190            else
    191              zgDeviceLogicalType = ZG_DEVICETYPE_ROUTER;
    192          #endif // BUILD_ALL_DEVICES
    193          
    194          #if defined ( HOLD_AUTO_START )
    195            // HOLD_AUTO_START is a compile option that will surpress ZDApp
    196            //  from starting the device and wait for the application to
    197            //  start the device.
    198            ZDOInitDevice(0);
    199          #endif
    200          
    201            // Setup for the periodic message's destination address
    202            // Broadcast to everyone
    203            SampleApp_Periodic_DstAddr.addrMode = (afAddrMode_t)AddrBroadcast;
   \   000015   90....       MOV     DPTR,#SampleApp_Periodic_DstAddr + 8
   \   000018   740F         MOV     A,#0xf
   \   00001A   F0           MOVX    @DPTR,A
    204            SampleApp_Periodic_DstAddr.endPoint = SAMPLEAPP_ENDPOINT;
   \   00001B   A3           INC     DPTR
   \   00001C   7414         MOV     A,#0x14
   \   00001E   F0           MOVX    @DPTR,A
    205            SampleApp_Periodic_DstAddr.addr.shortAddr = 0xFFFF;
   \   00001F   90....       MOV     DPTR,#SampleApp_Periodic_DstAddr
   \   000022   74FF         MOV     A,#-0x1
   \   000024   F0           MOVX    @DPTR,A
   \   000025   A3           INC     DPTR
   \   000026   F0           MOVX    @DPTR,A
    206          
    207            // Setup for the flash command's destination address - Group 1
    208            SampleApp_Flash_DstAddr.addrMode = (afAddrMode_t)afAddrGroup;
   \   000027   90....       MOV     DPTR,#SampleApp_Flash_DstAddr + 8
   \   00002A   7401         MOV     A,#0x1
   \   00002C   F0           MOVX    @DPTR,A
    209            SampleApp_Flash_DstAddr.endPoint = SAMPLEAPP_ENDPOINT;
   \   00002D   A3           INC     DPTR
   \   00002E   7414         MOV     A,#0x14
   \   000030   F0           MOVX    @DPTR,A
    210            SampleApp_Flash_DstAddr.addr.shortAddr = SAMPLEAPP_FLASH_GROUP;
   \   000031   90....       MOV     DPTR,#SampleApp_Flash_DstAddr
   \   000034   7401         MOV     A,#0x1
   \   000036   F0           MOVX    @DPTR,A
   \   000037   A3           INC     DPTR
   \   000038   E4           CLR     A
   \   000039   F0           MOVX    @DPTR,A
    211          
    212            // Fill out the endpoint description.
    213            SampleApp_epDesc.endPoint = SAMPLEAPP_ENDPOINT;
   \   00003A   90....       MOV     DPTR,#SampleApp_epDesc
   \   00003D   7414         MOV     A,#0x14
   \   00003F   F0           MOVX    @DPTR,A
    214            SampleApp_epDesc.task_id = &SampleApp_TaskID;
   \   000040   A3           INC     DPTR
   \   000041   74..         MOV     A,#SampleApp_TaskID & 0xff
   \   000043   F0           MOVX    @DPTR,A
   \   000044   A3           INC     DPTR
   \   000045   74..         MOV     A,#(SampleApp_TaskID >> 8) & 0xff
   \   000047   F0           MOVX    @DPTR,A
    215            SampleApp_epDesc.simpleDesc
    216                      = (SimpleDescriptionFormat_t *)&SampleApp_SimpleDesc;
   \   000048   A3           INC     DPTR
   \   000049   74..         MOV     A,#SampleApp_SimpleDesc & 0xff
   \   00004B   F0           MOVX    @DPTR,A
   \   00004C   A3           INC     DPTR
   \   00004D   74..         MOV     A,#(SampleApp_SimpleDesc >> 8) & 0xff
   \   00004F   F0           MOVX    @DPTR,A
    217            SampleApp_epDesc.latencyReq = noLatencyReqs;
   \   000050   A3           INC     DPTR
   \   000051   E4           CLR     A
   \   000052   F0           MOVX    @DPTR,A
    218          
    219            // Register the endpoint description with the AF
    220            afRegister( &SampleApp_epDesc );
   \   000053                ; Setup parameters for call to function afRegister
   \   000053   7A..         MOV     R2,#SampleApp_epDesc & 0xff
   \   000055   7B..         MOV     R3,#(SampleApp_epDesc >> 8) & 0xff
   \   000057   12....       LCALL   ??afRegister?relay
    221          
    222            // Register for all key events - This app will handle all key events
    223            RegisterForKeys( SampleApp_TaskID );
   \   00005A                ; Setup parameters for call to function RegisterForKeys
   \   00005A   90....       MOV     DPTR,#SampleApp_TaskID
   \   00005D   E0           MOVX    A,@DPTR
   \   00005E   F9           MOV     R1,A
   \   00005F   12....       LCALL   ??RegisterForKeys?relay
    224          
    225            // By default, all devices start out in Group 1
    226            SampleApp_Group.ID = SAMPLEAPP_FLASH_GROUP;
   \   000062   90....       MOV     DPTR,#SampleApp_Group
   \   000065   7401         MOV     A,#0x1
   \   000067   F0           MOVX    @DPTR,A
   \   000068   A3           INC     DPTR
   \   000069   E4           CLR     A
   \   00006A   F0           MOVX    @DPTR,A
    227            osal_memcpy( SampleApp_Group.name, "Group 1", 7  );
   \   00006B                ; Setup parameters for call to function osal_memcpy
   \   00006B   75....       MOV     ?V0 + 0,#`?<Constant "Group 1">` & 0xff
   \   00006E   75....       MOV     ?V0 + 1,#(`?<Constant "Group 1">` >> 8) & 0xff
   \   000071   F5..         MOV     ?V0 + 2,A
   \   000073   78..         MOV     R0,#?V0 + 0
   \   000075   12....       LCALL   ?PUSH_XSTACK_I_THREE
   \   000078   7C07         MOV     R4,#0x7
   \   00007A   7D00         MOV     R5,#0x0
   \   00007C   7A..         MOV     R2,#(SampleApp_Group + 2) & 0xff
   \   00007E   7B..         MOV     R3,#((SampleApp_Group + 2) >> 8) & 0xff
   \   000080   12....       LCALL   ??osal_memcpy?relay
   \   000083   7403         MOV     A,#0x3
   \   000085   12....       LCALL   ?DEALLOC_XSTACK8
    228            aps_AddGroup( SAMPLEAPP_ENDPOINT, &SampleApp_Group );
   \   000088                ; Setup parameters for call to function aps_AddGroup
   \   000088   7A..         MOV     R2,#SampleApp_Group & 0xff
   \   00008A   7B..         MOV     R3,#(SampleApp_Group >> 8) & 0xff
   \   00008C   7914         MOV     R1,#0x14
   \   00008E   12....       LCALL   ??aps_AddGroup?relay
    229          
    230          #if defined ( LCD_SUPPORTED )
    231            HalLcdWriteString( "SampleApp", HAL_LCD_LINE_1 );
   \   000091                ; Setup parameters for call to function HalLcdWriteString
   \   000091   7901         MOV     R1,#0x1
   \   000093   7A..         MOV     R2,#`?<Constant "SampleApp">` & 0xff
   \   000095   7B..         MOV     R3,#(`?<Constant "SampleApp">` >> 8) & 0xff
   \   000097   12....       LCALL   ??HalLcdWriteString?relay
    232          #endif
    233          }
   \   00009A   7F03         MOV     R7,#0x3
   \   00009C   02....       LJMP    ?BANKED_LEAVE_XDATA
    234          
    235          /*********************************************************************
    236           * @fn      SampleApp_ProcessEvent
    237           *
    238           * @brief   Generic Application Task event processor.  This function
    239           *          is called to process all events for the task.  Events
    240           *          include timers, messages and any other user defined events.
    241           *
    242           * @param   task_id  - The OSAL assigned task ID.
    243           * @param   events - events to process.  This is a bit map and can
    244           *                   contain more than one event.
    245           *
    246           * @return  none
    247           */

   \                                 In  segment BANKED_CODE, align 1, keep-with-next
    248          uint16 SampleApp_ProcessEvent( uint8 task_id, uint16 events )
   \                     SampleApp_ProcessEvent:
    249          {
   \   000000   74F4         MOV     A,#-0xc
   \   000002   12....       LCALL   ?BANKED_ENTER_XDATA
   \   000005                ; Saved register size: 12
   \   000005                ; Auto size: 0
   \   000005   8A..         MOV     ?V0 + 0,R2
   \   000007   8B..         MOV     ?V0 + 1,R3
    250            afIncomingMSGPacket_t *MSGpkt;
    251            (void)task_id;  // Intentionally unreferenced parameter
    252          
    253            if ( events & SYS_EVENT_MSG )
   \   000009   EB           MOV     A,R3
   \   00000A   5480         ANL     A,#0x80
   \   00000C   605A         JZ      ??SampleApp_ProcessEvent_0
    254            {
    255              MSGpkt = (afIncomingMSGPacket_t *)osal_msg_receive( SampleApp_TaskID );
   \   00000E                ; Setup parameters for call to function osal_msg_receive
   \   00000E   800D         SJMP    ??SampleApp_ProcessEvent_1
    256              while ( MSGpkt )
    257              {
    258                switch ( MSGpkt->hdr.event )
    259                {
    260                  // Received when a key is pressed
    261                  case KEY_CHANGE:
    262                    SampleApp_HandleKeys( ((keyChange_t *)MSGpkt)->state, ((keyChange_t *)MSGpkt)->keys );
    263                    break;
    264          
    265                  // Received when a messages is received (OTA) for this endpoint
    266                  case AF_INCOMING_MSG_CMD:
    267                    SampleApp_MessageMSGCB( MSGpkt );
    268                    break;
    269          
    270                  // Received whenever the device changes state in the network
    271                  case ZDO_STATE_CHANGE:
    272                    SampleApp_NwkState = (devStates_t)(MSGpkt->hdr.status);
   \                     ??SampleApp_ProcessEvent_2:
   \   000010   A3           INC     DPTR
   \   000011   E0           MOVX    A,@DPTR
   \   000012   90....       MOV     DPTR,#SampleApp_NwkState
   \   000015   F0           MOVX    @DPTR,A
    273                    if ( (SampleApp_NwkState == DEV_ZB_COORD)
    274                        || (SampleApp_NwkState == DEV_ROUTER)
    275                        || (SampleApp_NwkState == DEV_END_DEVICE) )
    276                    {
    277                      // Start sending the periodic message in a regular interval.
    278          //            osal_start_timerEx( SampleApp_TaskID,
    279          //                              SAMPLEAPP_SEND_PERIODIC_MSG_EVT,
    280          //                              SAMPLEAPP_SEND_PERIODIC_MSG_TIMEOUT );
    281                    }
    282                    else
    283                    {
    284                      // Device is no longer in the network
    285                    }
    286                    break;
    287          
    288                  default:
    289                    break;
    290                }
    291          
    292                // Release the memory
    293                osal_msg_deallocate( (uint8 *)MSGpkt );
   \                     ??SampleApp_ProcessEvent_3:
   \   000016                ; Setup parameters for call to function osal_msg_deallocate
   \   000016   EE           MOV     A,R6
   \   000017   FA           MOV     R2,A
   \   000018   EF           MOV     A,R7
   \   000019   FB           MOV     R3,A
   \   00001A   12....       LCALL   ??osal_msg_deallocate?relay
    294          
    295                // Next - if one is available
    296                MSGpkt = (afIncomingMSGPacket_t *)osal_msg_receive( SampleApp_TaskID );
   \   00001D                ; Setup parameters for call to function osal_msg_receive
   \                     ??SampleApp_ProcessEvent_1:
   \   00001D   90....       MOV     DPTR,#SampleApp_TaskID
   \   000020   E0           MOVX    A,@DPTR
   \   000021   F9           MOV     R1,A
   \   000022   12....       LCALL   ??osal_msg_receive?relay
   \   000025   8A..         MOV     ?V0 + 2,R2
   \   000027   8B..         MOV     ?V0 + 3,R3
   \   000029   AE..         MOV     R6,?V0 + 2
   \   00002B   AF..         MOV     R7,?V0 + 3
   \   00002D   EE           MOV     A,R6
   \   00002E   4F           ORL     A,R7
   \   00002F   602E         JZ      ??SampleApp_ProcessEvent_4
   \   000031   8E82         MOV     DPL,R6
   \   000033   8F83         MOV     DPH,R7
   \   000035   E0           MOVX    A,@DPTR
   \   000036   24E6         ADD     A,#-0x1a
   \   000038   601C         JZ      ??SampleApp_ProcessEvent_5
   \   00003A   245A         ADD     A,#0x5a
   \   00003C   6006         JZ      ??SampleApp_ProcessEvent_6
   \   00003E   24EF         ADD     A,#-0x11
   \   000040   60CE         JZ      ??SampleApp_ProcessEvent_2
   \   000042   80D2         SJMP    ??SampleApp_ProcessEvent_3
   \                     ??SampleApp_ProcessEvent_6:
   \   000044                ; Setup parameters for call to function SampleApp_HandleKeys
   \   000044   A3           INC     DPTR
   \   000045   A3           INC     DPTR
   \   000046   A3           INC     DPTR
   \   000047   E0           MOVX    A,@DPTR
   \   000048   FA           MOV     R2,A
   \   000049   8E82         MOV     DPL,R6
   \   00004B   8F83         MOV     DPH,R7
   \   00004D   A3           INC     DPTR
   \   00004E   A3           INC     DPTR
   \   00004F   E0           MOVX    A,@DPTR
   \   000050   F9           MOV     R1,A
   \   000051   12....       LCALL   ??SampleApp_HandleKeys?relay
   \   000054   80C0         SJMP    ??SampleApp_ProcessEvent_3
   \                     ??SampleApp_ProcessEvent_5:
   \   000056                ; Setup parameters for call to function SampleApp_MessageMSGCB
   \   000056   EE           MOV     A,R6
   \   000057   FA           MOV     R2,A
   \   000058   EF           MOV     A,R7
   \   000059   FB           MOV     R3,A
   \   00005A   12....       LCALL   ??SampleApp_MessageMSGCB?relay
   \   00005D   80B7         SJMP    ??SampleApp_ProcessEvent_3
    297              }
    298          
    299              // return unprocessed events
    300              return (events ^ SYS_EVENT_MSG);
   \                     ??SampleApp_ProcessEvent_4:
   \   00005F   AA..         MOV     R2,?V0 + 0
   \   000061   E5..         MOV     A,?V0 + 1
   \   000063   6480         XRL     A,#0x80
   \   000065   FB           MOV     R3,A
   \   000066   802C         SJMP    ??SampleApp_ProcessEvent_7
    301            }
    302          
    303            // Send a message out - This event is generated by a timer
    304            //  (setup in SampleApp_Init()).
    305            if ( events & SAMPLEAPP_SEND_PERIODIC_MSG_EVT )
   \                     ??SampleApp_ProcessEvent_0:
   \   000068   EA           MOV     A,R2
   \   000069   A2E0         MOV     C,0xE0 /* A   */.0
   \   00006B   5023         JNC     ??SampleApp_ProcessEvent_8
    306            {
    307              // Send the periodic message
    308              SampleApp_SendPeriodicMessage();
   \   00006D                ; Setup parameters for call to function SampleApp_SendPeriodicMessage
   \   00006D   12....       LCALL   ??SampleApp_SendPeriodicMessage?relay
    309          
    310              // Setup to send message again in normal period (+ a little jitter)
    311              osal_start_timerEx( SampleApp_TaskID, SAMPLEAPP_SEND_PERIODIC_MSG_EVT,
    312                  (SAMPLEAPP_SEND_PERIODIC_MSG_TIMEOUT + (osal_rand() & 0x00FF)) );
   \   000070                ; Setup parameters for call to function osal_rand
   \   000070   12....       LCALL   ??osal_rand?relay
   \   000073                ; Setup parameters for call to function osal_start_timerEx
   \   000073   EA           MOV     A,R2
   \   000074   2488         ADD     A,#-0x78
   \   000076   FC           MOV     R4,A
   \   000077   E4           CLR     A
   \   000078   3413         ADDC    A,#0x13
   \   00007A   FD           MOV     R5,A
   \   00007B   7A01         MOV     R2,#0x1
   \   00007D   7B00         MOV     R3,#0x0
   \   00007F   90....       MOV     DPTR,#SampleApp_TaskID
   \   000082   E0           MOVX    A,@DPTR
   \   000083   F9           MOV     R1,A
   \   000084   12....       LCALL   ??osal_start_timerEx?relay
    313          
    314              // return unprocessed events
    315              return (events ^ SAMPLEAPP_SEND_PERIODIC_MSG_EVT);
   \   000087   E5..         MOV     A,?V0 + 0
   \   000089   6401         XRL     A,#0x1
   \   00008B   FA           MOV     R2,A
   \   00008C   AB..         MOV     R3,?V0 + 1
   \   00008E   8004         SJMP    ??SampleApp_ProcessEvent_7
    316            }
    317          
    318            // Discard unknown events
    319            return 0;
   \                     ??SampleApp_ProcessEvent_8:
   \   000090   7A00         MOV     R2,#0x0
   \   000092   7B00         MOV     R3,#0x0
   \                     ??SampleApp_ProcessEvent_7:
   \   000094   7F04         MOV     R7,#0x4
   \   000096   02....       LJMP    ?BANKED_LEAVE_XDATA
    320          }
    321          
    322          /*********************************************************************
    323           * Event Generation Functions
    324           */
    325          /*********************************************************************
    326           * @fn      SampleApp_HandleKeys
    327           *
    328           * @brief   Handles all key events for this device.
    329           *
    330           * @param   shift - true if in shift/alt.
    331           * @param   keys - bit field for key events. Valid entries:
    332           *                 HAL_KEY_SW_2
    333           *                 HAL_KEY_SW_1
    334           *
    335           * @return  none
    336           */

   \                                 In  segment BANKED_CODE, align 1, keep-with-next
    337          void SampleApp_HandleKeys( uint8 shift, uint8 keys )
   \                     SampleApp_HandleKeys:
    338          {
   \   000000   74F6         MOV     A,#-0xa
   \   000002   12....       LCALL   ?BANKED_ENTER_XDATA
   \   000005                ; Saved register size: 10
   \   000005                ; Auto size: 0
   \   000005   EA           MOV     A,R2
    339            (void)shift;  // Intentionally unreferenced parameter
    340            
    341            if ( keys & HAL_KEY_SW_6 )
    342            {
    343              /* This key sends the Flash Command is sent to Group 1.
    344               * This device will not receive the Flash Command from this
    345               * device (even if it belongs to group 1).
    346               */
    347              #if defined(ZDO_COORDINATOR)
    348              
    349              #else
    350              SampleApp_SendFlashMessage( SAMPLEAPP_FLASH_DURATION );
    351              #endif
    352            }
    353          
    354            if ( keys & HAL_KEY_SW_1 )
   \   000006   A2E0         MOV     C,0xE0 /* A   */.0
   \   000008   5024         JNC     ??SampleApp_HandleKeys_0
    355            {
    356              /* The Flashr Command is sent to Group 1.
    357               * This key toggles this device in and out of group 1.
    358               * If this device doesn't belong to group 1, this application
    359               * will not receive the Flash command sent to group 1.
    360               */
    361              aps_Group_t *grp;
    362              grp = aps_FindGroup( SAMPLEAPP_ENDPOINT, SAMPLEAPP_FLASH_GROUP );
    363              if ( grp )
   \   00000A                ; Setup parameters for call to function aps_FindGroup
   \   00000A   7A01         MOV     R2,#0x1
   \   00000C   7B00         MOV     R3,#0x0
   \   00000E   7914         MOV     R1,#0x14
   \   000010   12....       LCALL   ??aps_FindGroup?relay
   \   000013   8B..         MOV     ?V0 + 1,R3
   \   000015   EA           MOV     A,R2
   \   000016   45..         ORL     A,?V0 + 1
   \   000018   600B         JZ      ??SampleApp_HandleKeys_1
    364              {
    365                // Remove from the group
    366                aps_RemoveGroup( SAMPLEAPP_ENDPOINT, SAMPLEAPP_FLASH_GROUP );
   \   00001A                ; Setup parameters for call to function aps_RemoveGroup
   \   00001A   7A01         MOV     R2,#0x1
   \   00001C   7B00         MOV     R3,#0x0
   \   00001E   7914         MOV     R1,#0x14
   \   000020   12....       LCALL   ??aps_RemoveGroup?relay
   \   000023   8009         SJMP    ??SampleApp_HandleKeys_0
    367              }
    368              else
    369              {
    370                // Add to the flash group
    371                aps_AddGroup( SAMPLEAPP_ENDPOINT, &SampleApp_Group );
   \                     ??SampleApp_HandleKeys_1:
   \   000025                ; Setup parameters for call to function aps_AddGroup
   \   000025   7A..         MOV     R2,#SampleApp_Group & 0xff
   \   000027   7B..         MOV     R3,#(SampleApp_Group >> 8) & 0xff
   \   000029   7914         MOV     R1,#0x14
   \   00002B   12....       LCALL   ??aps_AddGroup?relay
    372              }
    373            }
    374          }
   \                     ??SampleApp_HandleKeys_0:
   \   00002E                REQUIRE ?Subroutine0
   \   00002E                ; // Fall through to label ?Subroutine0

   \                                 In  segment BANKED_CODE, align 1, keep-with-next
   \                     ?Subroutine0:
   \   000000   7F02         MOV     R7,#0x2
   \   000002   02....       LJMP    ?BANKED_LEAVE_XDATA
    375          
    376          /*********************************************************************
    377           * LOCAL FUNCTIONS
    378           */
    379          
    380          /*********************************************************************
    381           * @fn      SampleApp_MessageMSGCB
    382           *
    383           * @brief   Data message processor callback.  This function processes
    384           *          any incoming data - probably from other devices.  So, based
    385           *          on cluster ID, perform the intended action.
    386           *
    387           * @param   none
    388           *
    389           * @return  none
    390           */

   \                                 In  segment BANKED_CODE, align 1, keep-with-next
    391          void SampleApp_MessageMSGCB( afIncomingMSGPacket_t *pkt )
   \                     SampleApp_MessageMSGCB:
    392          {
   \   000000   C082         PUSH    DPL
   \   000002   C083         PUSH    DPH
   \   000004                ; Saved register size: 2
   \   000004                ; Auto size: 0
    393            uint8 data;
    394          
    395            switch ( pkt->clusterId )
   \   000004   8A82         MOV     DPL,R2
   \   000006   8B83         MOV     DPH,R3
   \   000008   A3           INC     DPTR
   \   000009   A3           INC     DPTR
   \   00000A   A3           INC     DPTR
   \   00000B   A3           INC     DPTR
   \   00000C   E0           MOVX    A,@DPTR
   \   00000D   6402         XRL     A,#0x2
   \   00000F   7002         JNZ     ??SampleApp_MessageMSGCB_0
   \   000011   A3           INC     DPTR
   \   000012   E0           MOVX    A,@DPTR
   \                     ??SampleApp_MessageMSGCB_0:
   \   000013   7020         JNZ     ??SampleApp_MessageMSGCB_1
    396            {
    397              case SAMPLEAPP_PERIODIC_CLUSTERID:
    398                break;
    399          
    400              case SAMPLEAPP_FLASH_CLUSTERID:
    401                data = (uint8)pkt->cmd.Data[0];
    402                if(data == 0)
   \   000015   EA           MOV     A,R2
   \   000016   2422         ADD     A,#0x22
   \   000018   F582         MOV     DPL,A
   \   00001A   EB           MOV     A,R3
   \   00001B   3400         ADDC    A,#0x0
   \   00001D   F583         MOV     DPH,A
   \   00001F   E0           MOVX    A,@DPTR
   \   000020   F8           MOV     R0,A
   \   000021   A3           INC     DPTR
   \   000022   E0           MOVX    A,@DPTR
   \   000023   F583         MOV     DPH,A
   \   000025   8882         MOV     DPL,R0
   \   000027   E0           MOVX    A,@DPTR
   \   000028   7004         JNZ     ??SampleApp_MessageMSGCB_2
    403                  HalLedSet(HAL_LED_2,HAL_LED_MODE_OFF);
   \   00002A                ; Setup parameters for call to function HalLedSet
   \   00002A   7A00         MOV     R2,#0x0
   \   00002C   8002         SJMP    ??SampleApp_MessageMSGCB_3
    404                else
    405                  HalLedSet(HAL_LED_2,HAL_LED_MODE_ON);
   \                     ??SampleApp_MessageMSGCB_2:
   \   00002E                ; Setup parameters for call to function HalLedSet
   \   00002E   7A01         MOV     R2,#0x1
   \                     ??SampleApp_MessageMSGCB_3:
   \   000030   7902         MOV     R1,#0x2
   \   000032   12....       LCALL   ??HalLedSet?relay
    406                break;
    407            }
    408          }
   \                     ??SampleApp_MessageMSGCB_1:
   \   000035   D083         POP     DPH
   \   000037   D082         POP     DPL
   \   000039   02....       LJMP    ?BRET
    409          
    410          /*********************************************************************
    411           * @fn      SampleApp_SendPeriodicMessage
    412           *
    413           * @brief   Send the periodic message.
    414           *
    415           * @param   none
    416           *
    417           * @return  none
    418           */

   \                                 In  segment BANKED_CODE, align 1, keep-with-next
    419          void SampleApp_SendPeriodicMessage( void )
   \                     SampleApp_SendPeriodicMessage:
    420          {
   \   000000   74F6         MOV     A,#-0xa
   \   000002   12....       LCALL   ?BANKED_ENTER_XDATA
   \   000005                ; Saved register size: 10
   \   000005                ; Auto size: 0
    421            if ( AF_DataRequest( &SampleApp_Periodic_DstAddr, &SampleApp_epDesc,
    422                                 SAMPLEAPP_PERIODIC_CLUSTERID,
    423                                 1,
    424                                 (uint8*)&SampleAppPeriodicCounter,
    425                                 &SampleApp_TransID,
    426                                 AF_DISCV_ROUTE,
    427                                 AF_DEFAULT_RADIUS ) == afStatus_SUCCESS )
   \   000005                ; Setup parameters for call to function AF_DataRequest
   \   000005   75..1E       MOV     ?V0 + 0,#0x1e
   \   000008   78..         MOV     R0,#?V0 + 0
   \   00000A   12....       LCALL   ?PUSH_XSTACK_I_ONE
   \   00000D   75....       MOV     ?V0 + 0,#SampleApp_TransID & 0xff
   \   000010   75....       MOV     ?V0 + 1,#(SampleApp_TransID >> 8) & 0xff
   \   000013   78..         MOV     R0,#?V0 + 0
   \   000015   12....       LCALL   ?PUSH_XSTACK_I_TWO
   \   000018   75....       MOV     ?V0 + 0,#SampleAppPeriodicCounter & 0xff
   \   00001B   75....       MOV     ?V0 + 1,#(SampleAppPeriodicCounter >> 8) & 0xff
   \   00001E   78..         MOV     R0,#?V0 + 0
   \   000020   12....       LCALL   ?PUSH_XSTACK_I_TWO
   \   000023   75..01       MOV     ?V0 + 0,#0x1
   \   000026   75..00       MOV     ?V0 + 1,#0x0
   \   000029   78..         MOV     R0,#?V0 + 0
   \   00002B   12....       LCALL   ?PUSH_XSTACK_I_TWO
   \   00002E   78..         MOV     R0,#?V0 + 0
   \   000030   12....       LCALL   ?PUSH_XSTACK_I_TWO
   \   000033   7920         MOV     R1,#0x20
   \   000035   7C..         MOV     R4,#SampleApp_epDesc & 0xff
   \   000037   7D..         MOV     R5,#(SampleApp_epDesc >> 8) & 0xff
   \   000039   7A..         MOV     R2,#SampleApp_Periodic_DstAddr & 0xff
   \   00003B   7B..         MOV     R3,#(SampleApp_Periodic_DstAddr >> 8) & 0xff
   \   00003D   12....       LCALL   ??AF_DataRequest?relay
   \   000040   7409         MOV     A,#0x9
   \   000042   12....       LCALL   ?DEALLOC_XSTACK8
    428            {
    429            }
    430            else
    431            {
    432              // Error occurred in request to send.
    433            }
    434          }
   \   000045   02....       LJMP    ?Subroutine0 & 0xFFFF
    435          
    436          /*********************************************************************
    437           * @fn      SampleApp_SendFlashMessage
    438           *
    439           * @brief   Send the flash message to group 1.
    440           *
    441           * @param   flashTime - in milliseconds
    442           *
    443           * @return  none
    444           */

   \                                 In  segment BANKED_CODE, align 1, keep-with-next
    445          void SampleApp_SendFlashMessage( uint16 flashTime )
   \                     SampleApp_SendFlashMessage:
    446          {
   \   000000   74F6         MOV     A,#-0xa
   \   000002   12....       LCALL   ?BANKED_ENTER_XDATA
   \   000005                ; Saved register size: 10
   \   000005                ; Auto size: 0
    447            LedState = ~LedState;
   \   000005   90....       MOV     DPTR,#LedState
   \   000008   E0           MOVX    A,@DPTR
   \   000009   F4           CPL     A
   \   00000A   F0           MOVX    @DPTR,A
    448            
    449            if ( AF_DataRequest( &SampleApp_Flash_DstAddr, &SampleApp_epDesc,
    450                                 SAMPLEAPP_FLASH_CLUSTERID,
    451                                 1,
    452                                 &LedState,
    453                                 &SampleApp_TransID,
    454                                 AF_DISCV_ROUTE,
    455                                 AF_DEFAULT_RADIUS ) == afStatus_SUCCESS )
   \   00000B                ; Setup parameters for call to function AF_DataRequest
   \   00000B   75..1E       MOV     ?V0 + 0,#0x1e
   \   00000E   78..         MOV     R0,#?V0 + 0
   \   000010   12....       LCALL   ?PUSH_XSTACK_I_ONE
   \   000013   75....       MOV     ?V0 + 0,#SampleApp_TransID & 0xff
   \   000016   75....       MOV     ?V0 + 1,#(SampleApp_TransID >> 8) & 0xff
   \   000019   78..         MOV     R0,#?V0 + 0
   \   00001B   12....       LCALL   ?PUSH_XSTACK_I_TWO
   \   00001E   75....       MOV     ?V0 + 0,#LedState & 0xff
   \   000021   75....       MOV     ?V0 + 1,#(LedState >> 8) & 0xff
   \   000024   78..         MOV     R0,#?V0 + 0
   \   000026   12....       LCALL   ?PUSH_XSTACK_I_TWO
   \   000029   75..01       MOV     ?V0 + 0,#0x1
   \   00002C   75..00       MOV     ?V0 + 1,#0x0
   \   00002F   78..         MOV     R0,#?V0 + 0
   \   000031   12....       LCALL   ?PUSH_XSTACK_I_TWO
   \   000034   75..02       MOV     ?V0 + 0,#0x2
   \   000037   78..         MOV     R0,#?V0 + 0
   \   000039   12....       LCALL   ?PUSH_XSTACK_I_TWO
   \   00003C   7920         MOV     R1,#0x20
   \   00003E   7C..         MOV     R4,#SampleApp_epDesc & 0xff
   \   000040   7D..         MOV     R5,#(SampleApp_epDesc >> 8) & 0xff
   \   000042   7A..         MOV     R2,#SampleApp_Flash_DstAddr & 0xff
   \   000044   7B..         MOV     R3,#(SampleApp_Flash_DstAddr >> 8) & 0xff
   \   000046   12....       LCALL   ??AF_DataRequest?relay
   \   000049   7409         MOV     A,#0x9
   \   00004B   12....       LCALL   ?DEALLOC_XSTACK8
   \   00004E   E9           MOV     A,R1
   \   00004F   7011         JNZ     ??SampleApp_SendFlashMessage_0
    456            {
    457              if(LedState == 0)
   \   000051   90....       MOV     DPTR,#LedState
   \   000054   E0           MOVX    A,@DPTR
   \   000055   7004         JNZ     ??SampleApp_SendFlashMessage_1
    458                HalLedSet(HAL_LED_2,HAL_LED_MODE_ON);
   \   000057                ; Setup parameters for call to function HalLedSet
   \   000057   7A01         MOV     R2,#0x1
   \   000059   8002         SJMP    ??SampleApp_SendFlashMessage_2
    459              else
    460                HalLedSet(HAL_LED_2,HAL_LED_MODE_OFF);
   \                     ??SampleApp_SendFlashMessage_1:
   \   00005B                ; Setup parameters for call to function HalLedSet
   \   00005B   7A00         MOV     R2,#0x0
   \                     ??SampleApp_SendFlashMessage_2:
   \   00005D   7902         MOV     R1,#0x2
   \   00005F   12....       LCALL   ??HalLedSet?relay
    461            }
    462            else
    463            {
    464              // Error occurred in request to send.
    465            }
    466          }
   \                     ??SampleApp_SendFlashMessage_0:
   \   000062   02....       LJMP    ?Subroutine0 & 0xFFFF

   \                                 In  segment BANK_RELAYS, align 1
   \                     ??SampleApp_Init?relay:
   \   000000   12....       LCALL   ?BDISPATCH
   \   000003   ......       DC24    SampleApp_Init

   \                                 In  segment BANK_RELAYS, align 1
   \                     ??SampleApp_ProcessEvent?relay:
   \   000000   12....       LCALL   ?BDISPATCH
   \   000003   ......       DC24    SampleApp_ProcessEvent

   \                                 In  segment BANK_RELAYS, align 1
   \                     ??SampleApp_HandleKeys?relay:
   \   000000   12....       LCALL   ?BDISPATCH
   \   000003   ......       DC24    SampleApp_HandleKeys

   \                                 In  segment BANK_RELAYS, align 1
   \                     ??SampleApp_MessageMSGCB?relay:
   \   000000   12....       LCALL   ?BDISPATCH
   \   000003   ......       DC24    SampleApp_MessageMSGCB

   \                                 In  segment BANK_RELAYS, align 1
   \                     ??SampleApp_SendPeriodicMessage?relay:
   \   000000   12....       LCALL   ?BDISPATCH
   \   000003   ......       DC24    SampleApp_SendPeriodicMessage

   \                                 In  segment BANK_RELAYS, align 1
   \                     ??SampleApp_SendFlashMessage?relay:
   \   000000   12....       LCALL   ?BDISPATCH
   \   000003   ......       DC24    SampleApp_SendFlashMessage

   \                                 In  segment XDATA_ROM_C, align 1
   \                     `?<Constant "Group 1">`:
   \   000000   47726F75     DB "Group 1"
   \            70203100

   \                                 In  segment XDATA_ROM_C, align 1
   \                     `?<Constant "SampleApp">`:
   \   000000   53616D70     DB "SampleApp"
   \            6C654170
   \            7000    
    467          
    468          /*********************************************************************
    469          *********************************************************************/

   Maximum stack usage in bytes:

     Function                       ISTACK PSTACK XSTACK
     --------                       ------ ------ ------
     SampleApp_HandleKeys               0      0     22
       -> aps_FindGroup                 0      0     20
       -> aps_RemoveGroup               0      0     20
       -> aps_AddGroup                  0      0     20
     SampleApp_Init                     0      0     14
       -> afRegister                    0      0     22
       -> RegisterForKeys               0      0     22
       -> osal_memcpy                   0      0     28
       -> aps_AddGroup                  0      0     22
       -> HalLcdWriteString             0      0     22
     SampleApp_MessageMSGCB             2      0     12
       -> HalLedSet                     4      0      0
       -> HalLedSet                     4      0      0
     SampleApp_ProcessEvent             0      0     12
       -> osal_msg_receive              0      0     24
       -> osal_msg_deallocate           0      0     24
       -> osal_msg_receive              0      0     24
       -> SampleApp_HandleKeys          0      0     24
       -> SampleApp_MessageMSGCB        0      0     24
       -> SampleApp_SendPeriodicMessage
                                        0      0     24
       -> osal_rand                     0      0     24
       -> osal_start_timerEx            0      0     24
     SampleApp_SendFlashMessage         0      0     19
       -> AF_DataRequest                0      0     38
       -> HalLedSet                     0      0     20
       -> HalLedSet                     0      0     20
     SampleApp_SendPeriodicMessage      0      0     31
       -> AF_DataRequest                0      0     38


   Segment part sizes:

     Function/Label                        Bytes
     --------------                        -----
     LedState                                 1
     SampleApp_ClusterList                    4
     SampleApp_SimpleDesc                    12
     SampleApp_epDesc                         6
     SampleApp_TaskID                         1
     SampleApp_NwkState                       1
     SampleApp_TransID                        1
     SampleApp_Periodic_DstAddr              12
     SampleApp_Flash_DstAddr                 12
     SampleApp_Group                         18
     SampleAppPeriodicCounter                 1
     SampleAppFlashCounter                    1
     SampleApp_Init                         159
     SampleApp_ProcessEvent                 153
     SampleApp_HandleKeys                    46
     ?Subroutine0                             5
     SampleApp_MessageMSGCB                  60
     SampleApp_SendPeriodicMessage           72
     SampleApp_SendFlashMessage             101
     ??SampleApp_Init?relay                   6
     ??SampleApp_ProcessEvent?relay           6
     ??SampleApp_HandleKeys?relay             6
     ??SampleApp_MessageMSGCB?relay           6
     ??SampleApp_SendPeriodicMessage?relay    6
     ??SampleApp_SendFlashMessage?relay       6
     ?<Constant "Group 1">                    8
     ?<Constant "SampleApp">                 10

 
 596 bytes in segment BANKED_CODE
  36 bytes in segment BANK_RELAYS
  34 bytes in segment XDATA_ROM_C
  54 bytes in segment XDATA_Z
 
 632 bytes of CODE  memory
  34 bytes of CONST memory
  54 bytes of XDATA memory

Errors: none
Warnings: none
