###############################################################################
#                                                                             #
# IAR C/C++ Compiler V8.10.3.10338/W32 for 8051         27/Nov/2023  15:27:53 #
# Copyright 2004-2011 IAR Systems AB.                                         #
#                                                                             #
#    Core               =  plain                                              #
#    Code model         =  banked                                             #
#    Data model         =  large                                              #
#    Calling convention =  xdata reentrant                                    #
#    Constant location  =  data_rom                                           #
#    Dptr setup         =  1,16                                               #
#    Source file        =  D:\B2B-Zpro\guangbo\ZStack-CC2530-2.5.1a\Projects\ #
#                          zstack\Samples\SampleApp\Source\SampleApp.c        #
#    Command line       =  -f D:\B2B-Zpro\guangbo\ZStack-CC2530-2.5.1a\Projec #
#                          ts\zstack\Samples\SampleApp\CC2530DB\..\..\..\Tool #
#                          s\CC2530DB\f8wCoord.cfg (-DCPU32MHZ                #
#                          -DROOT=__near_func -DMAC_CFG_APP_PENDING_QUEUE=TRU #
#                          E -DMAC_CFG_TX_DATA_MAX=5 -DMAC_CFG_TX_MAX=8       #
#                          -DMAC_CFG_RX_MAX=5 -DZDO_COORDINATOR -DRTR_NWK)    #
#                          -f D:\B2B-Zpro\guangbo\ZStack-CC2530-2.5.1a\Projec #
#                          ts\zstack\Samples\SampleApp\CC2530DB\..\..\..\Tool #
#                          s\CC2530DB\f8wConfig.cfg (-DZIGBEEPRO -DSECURE=0   #
#                          -DZG_SECURE_DYNAMIC=0 -DREFLECTOR                  #
#                          -DDEFAULT_CHANLIST=0x00000800                      #
#                          -DZDAPP_CONFIG_PAN_ID=0xFFFF                       #
#                          -DNWK_START_DELAY=100 -DEXTENDED_JOINING_RANDOM_MA #
#                          SK=0x007F -DBEACON_REQUEST_DELAY=100               #
#                          -DBEACON_REQ_DELAY_MASK=0x00FF                     #
#                          -DLINK_STATUS_JITTER_MASK=0x007F                   #
#                          -DROUTE_EXPIRY_TIME=30 -DAPSC_ACK_WAIT_DURATION_PO #
#                          LLED=3000 -DNWK_INDIRECT_MSG_TIMEOUT=7             #
#                          -DMAX_RREQ_ENTRIES=8 -DAPSC_MAX_FRAME_RETRIES=3    #
#                          -DNWK_MAX_DATA_RETRIES=2                           #
#                          -DMAX_POLL_FAILURE_RETRIES=2 -DMAX_BCAST=9         #
#                          -DAPS_MAX_GROUPS=16 -DMAX_RTG_ENTRIES=40           #
#                          -DNWK_MAX_BINDING_ENTRIES=4                        #
#                          -DMAX_BINDING_CLUSTER_IDS=4 "-DDEFAULT_KEY={0x01,  #
#                          0x03, 0x05, 0x07, 0x09, 0x0B, 0x0D, 0x0F, 0x00,    #
#                          0x02, 0x04, 0x06, 0x08, 0x0A, 0x0C, 0x0D}"         #
#                          -DMAC_MAX_FRAME_SIZE=116                           #
#                          -DZDNWKMGR_MIN_TRANSMISSIONS=20 "-DCONST=const     #
#                          __code" -DGENERIC=__generic                        #
#                          -DRFD_RCVC_ALWAYS_ON=FALSE -DPOLL_RATE=1000        #
#                          -DQUEUED_POLL_RATE=100 -DRESPONSE_POLL_RATE=100)   #
#                          -DREJOIN_POLL_RATE=440 D:\B2B-Zpro\guangbo\ZStack- #
#                          CC2530-2.5.1a\Projects\zstack\Samples\SampleApp\So #
#                          urce\SampleApp.c -D ZIGBEEPRO -D ZTOOL_P1 -D       #
#                          xMT_TASK -D xMT_SYS_FUNC -D xMT_ZDO_FUNC -D        #
#                          xLCD_SUPPORTED=DEBUG -lC                           #
#                          D:\B2B-Zpro\guangbo\ZStack-CC2530-2.5.1a\Projects\ #
#                          zstack\Samples\SampleApp\CC2530DB\DemoEB\List\     #
#                          -lA D:\B2B-Zpro\guangbo\ZStack-CC2530-2.5.1a\Proje #
#                          cts\zstack\Samples\SampleApp\CC2530DB\DemoEB\List\ #
#                           --diag_suppress Pe001,Pa010 -o                    #
#                          D:\B2B-Zpro\guangbo\ZStack-CC2530-2.5.1a\Projects\ #
#                          zstack\Samples\SampleApp\CC2530DB\DemoEB\Obj\ -e   #
#                          --no_code_motion --debug --core=plain --dptr=16,1  #
#                          --data_model=large --code_model=banked             #
#                          --calling_convention=xdata_reentrant               #
#                          --place_constants=data_rom --nr_virtual_regs 16    #
#                          -I D:\B2B-Zpro\guangbo\ZStack-CC2530-2.5.1a\Projec #
#                          ts\zstack\Samples\SampleApp\CC2530DB\ -I           #
#                          D:\B2B-Zpro\guangbo\ZStack-CC2530-2.5.1a\Projects\ #
#                          zstack\Samples\SampleApp\CC2530DB\..\Source\ -I    #
#                          D:\B2B-Zpro\guangbo\ZStack-CC2530-2.5.1a\Projects\ #
#                          zstack\Samples\SampleApp\CC2530DB\..\..\..\ZMain\T #
#                          I2530DB\ -I D:\B2B-Zpro\guangbo\ZStack-CC2530-2.5. #
#                          1a\Projects\zstack\Samples\SampleApp\CC2530DB\..\. #
#                          .\..\..\..\Components\hal\include\ -I              #
#                          D:\B2B-Zpro\guangbo\ZStack-CC2530-2.5.1a\Projects\ #
#                          zstack\Samples\SampleApp\CC2530DB\..\..\..\..\..\C #
#                          omponents\hal\target\CC2530EB\ -I                  #
#                          D:\B2B-Zpro\guangbo\ZStack-CC2530-2.5.1a\Projects\ #
#                          zstack\Samples\SampleApp\CC2530DB\..\..\..\..\..\C #
#                          omponents\mac\include\ -I                          #
#                          D:\B2B-Zpro\guangbo\ZStack-CC2530-2.5.1a\Projects\ #
#                          zstack\Samples\SampleApp\CC2530DB\..\..\..\..\..\C #
#                          omponents\mac\high_level\ -I                       #
#                          D:\B2B-Zpro\guangbo\ZStack-CC2530-2.5.1a\Projects\ #
#                          zstack\Samples\SampleApp\CC2530DB\..\..\..\..\..\C #
#                          omponents\mac\low_level\srf04\ -I                  #
#                          D:\B2B-Zpro\guangbo\ZStack-CC2530-2.5.1a\Projects\ #
#                          zstack\Samples\SampleApp\CC2530DB\..\..\..\..\..\C #
#                          omponents\mac\low_level\srf04\single_chip\ -I      #
#                          D:\B2B-Zpro\guangbo\ZStack-CC2530-2.5.1a\Projects\ #
#                          zstack\Samples\SampleApp\CC2530DB\..\..\..\..\..\C #
#                          omponents\mt\ -I D:\B2B-Zpro\guangbo\ZStack-CC2530 #
#                          -2.5.1a\Projects\zstack\Samples\SampleApp\CC2530DB #
#                          \..\..\..\..\..\Components\osal\include\ -I        #
#                          D:\B2B-Zpro\guangbo\ZStack-CC2530-2.5.1a\Projects\ #
#                          zstack\Samples\SampleApp\CC2530DB\..\..\..\..\..\C #
#                          omponents\services\saddr\ -I                       #
#                          D:\B2B-Zpro\guangbo\ZStack-CC2530-2.5.1a\Projects\ #
#                          zstack\Samples\SampleApp\CC2530DB\..\..\..\..\..\C #
#                          omponents\services\sdata\ -I                       #
#                          D:\B2B-Zpro\guangbo\ZStack-CC2530-2.5.1a\Projects\ #
#                          zstack\Samples\SampleApp\CC2530DB\..\..\..\..\..\C #
#                          omponents\stack\af\ -I D:\B2B-Zpro\guangbo\ZStack- #
#                          CC2530-2.5.1a\Projects\zstack\Samples\SampleApp\CC #
#                          2530DB\..\..\..\..\..\Components\stack\nwk\ -I     #
#                          D:\B2B-Zpro\guangbo\ZStack-CC2530-2.5.1a\Projects\ #
#                          zstack\Samples\SampleApp\CC2530DB\..\..\..\..\..\C #
#                          omponents\stack\sapi\ -I                           #
#                          D:\B2B-Zpro\guangbo\ZStack-CC2530-2.5.1a\Projects\ #
#                          zstack\Samples\SampleApp\CC2530DB\..\..\..\..\..\C #
#                          omponents\stack\sec\ -I D:\B2B-Zpro\guangbo\ZStack #
#                          -CC2530-2.5.1a\Projects\zstack\Samples\SampleApp\C #
#                          C2530DB\..\..\..\..\..\Components\stack\sys\ -I    #
#                          D:\B2B-Zpro\guangbo\ZStack-CC2530-2.5.1a\Projects\ #
#                          zstack\Samples\SampleApp\CC2530DB\..\..\..\..\..\C #
#                          omponents\stack\zdo\ -I D:\B2B-Zpro\guangbo\ZStack #
#                          -CC2530-2.5.1a\Projects\zstack\Samples\SampleApp\C #
#                          C2530DB\..\..\..\..\..\Components\zmac\ -I         #
#                          D:\B2B-Zpro\guangbo\ZStack-CC2530-2.5.1a\Projects\ #
#                          zstack\Samples\SampleApp\CC2530DB\..\..\..\..\..\C #
#                          omponents\zmac\f8w\ -Ohz --require_prototypes      #
#    List file          =  D:\B2B-Zpro\guangbo\ZStack-CC2530-2.5.1a\Projects\ #
#                          zstack\Samples\SampleApp\CC2530DB\DemoEB\List\Samp #
#                          leApp.lst                                          #
#    Object file        =  D:\B2B-Zpro\guangbo\ZStack-CC2530-2.5.1a\Projects\ #
#                          zstack\Samples\SampleApp\CC2530DB\DemoEB\Obj\Sampl #
#                          eApp.r51                                           #
#                                                                             #
#                                                                             #
###############################################################################

D:\B2B-Zpro\guangbo\ZStack-CC2530-2.5.1a\Projects\zstack\Samples\SampleApp\Source\SampleApp.c
      1          /**************************************************************************************************
      2            Filename:       SampleApp.c
      3            Revised:        $Date: 2009-03-18 15:56:27 -0700 (Wed, 18 Mar 2009) $
      4            Revision:       $Revision: 19453 $
      5          
      6            Description:    Sample Application (no Profile).
      7          
      8          
      9            Copyright 2007 Texas Instruments Incorporated. All rights reserved.
     10          
     11            IMPORTANT: Your use of this Software is limited to those specific rights
     12            granted under the terms of a software license agreement between the user
     13            who downloaded the software, his/her employer (which must be your employer)
     14            and Texas Instruments Incorporated (the "License").  You may not use this
     15            Software unless you agree to abide by the terms of the License. The License
     16            limits your use, and you acknowledge, that the Software may not be modified,
     17            copied or distributed unless embedded on a Texas Instruments microcontroller
     18            or used solely and exclusively in conjunction with a Texas Instruments radio
     19            frequency transceiver, which is integrated into your product.  Other than for
     20            the foregoing purpose, you may not use, reproduce, copy, prepare derivative
     21            works of, modify, distribute, perform, display or sell this Software and/or
     22            its documentation for any purpose.
     23          
     24            YOU FURTHER ACKNOWLEDGE AND AGREE THAT THE SOFTWARE AND DOCUMENTATION ARE
     25            PROVIDED “AS IS?WITHOUT WARRANTY OF ANY KIND, EITHER EXPRESS OR IMPLIED,
     26            INCLUDING WITHOUT LIMITATION, ANY WARRANTY OF MERCHANTABILITY, TITLE,
     27            NON-INFRINGEMENT AND FITNESS FOR A PARTICULAR PURPOSE. IN NO EVENT SHALL
     28            TEXAS INSTRUMENTS OR ITS LICENSORS BE LIABLE OR OBLIGATED UNDER CONTRACT,
     29            NEGLIGENCE, STRICT LIABILITY, CONTRIBUTION, BREACH OF WARRANTY, OR OTHER
     30            LEGAL EQUITABLE THEORY ANY DIRECT OR INDIRECT DAMAGES OR EXPENSES
     31            INCLUDING BUT NOT LIMITED TO ANY INCIDENTAL, SPECIAL, INDIRECT, PUNITIVE
     32            OR CONSEQUENTIAL DAMAGES, LOST PROFITS OR LOST DATA, COST OF PROCUREMENT
     33            OF SUBSTITUTE GOODS, TECHNOLOGY, SERVICES, OR ANY CLAIMS BY THIRD PARTIES
     34            (INCLUDING BUT NOT LIMITED TO ANY DEFENSE THEREOF), OR OTHER SIMILAR COSTS.
     35          
     36            Should you have any questions regarding your right to use this Software,
     37            contact Texas Instruments Incorporated at www.TI.com.
     38          **************************************************************************************************/
     39          
     40          /*********************************************************************
     41            This application isn't intended to do anything useful, it is
     42            intended to be a simple example of an application's structure.
     43          
     44            This application sends it's messages either as broadcast or
     45            broadcast filtered group messages.  The other (more normal)
     46            message addressing is unicast.  Most of the other sample
     47            applications are written to support the unicast message model.
     48          
     49            Key control:
     50              SW1:  Sends a flash command to all devices in Group 1.
     51              SW2:  Adds/Removes (toggles) this device in and out
     52                    of Group 1.  This will enable and disable the
     53                    reception of the flash command.
     54          *********************************************************************/
     55          
     56          /*********************************************************************
     57           * INCLUDES
     58           */
     59          #include "OSAL.h"
     60          #include "ZGlobals.h"
     61          #include "AF.h"
     62          #include "aps_groups.h"
     63          #include "ZDApp.h"
     64          
     65          #include "SampleApp.h"
     66          #include "SampleAppHw.h"
     67          
     68          #include "OnBoard.h"
     69          
     70          /* HAL */
     71          #include "hal_lcd.h"
     72          #include "hal_led.h"
     73          #include "hal_key.h"
     74          #include "MT_UART.h"
     75          #include "MT_APP.h"
     76          #include "MT.h"
     77          
     78          /*********************************************************************
     79           * MACROS
     80           */
     81          
     82          /*********************************************************************
     83           * CONSTANTS
     84           */
     85          
     86          /*********************************************************************
     87           * TYPEDEFS
     88           */
     89          
     90          /*********************************************************************
     91           * GLOBAL VARIABLES
     92           */
     93          
     94          // This list should be filled with Application specific Cluster IDs.

   \                                 In  segment XDATA_ROM_C, align 1
     95          const cId_t SampleApp_ClusterList[SAMPLEAPP_MAX_CLUSTERS] =
   \                     SampleApp_ClusterList:
   \   000000   0100         DW 1
   \   000002   0200         DW 2
     96          {
     97            SAMPLEAPP_PERIODIC_CLUSTERID,
     98            SAMPLEAPP_FLASH_CLUSTERID
     99          };
    100          

   \                                 In  segment XDATA_ROM_C, align 1
    101          const SimpleDescriptionFormat_t SampleApp_SimpleDesc =
   \                     SampleApp_SimpleDesc:
   \   000000   14           DB 20
   \   000001   080F         DW 3848
   \   000003   0100         DW 1
   \   000005   00           DB 0
   \   000006   02           DB 2
   \   000007   ....         DW SampleApp_ClusterList
   \   000009   02           DB 2
   \   00000A   ....         DW SampleApp_ClusterList
    102          {
    103            SAMPLEAPP_ENDPOINT,              //  int Endpoint;
    104            SAMPLEAPP_PROFID,                //  uint16 AppProfId[2];
    105            SAMPLEAPP_DEVICEID,              //  uint16 AppDeviceId[2];
    106            SAMPLEAPP_DEVICE_VERSION,        //  int   AppDevVer:4;
    107            SAMPLEAPP_FLAGS,                 //  int   AppFlags:4;
    108            SAMPLEAPP_MAX_CLUSTERS,          //  uint8  AppNumInClusters;
    109            (cId_t *)SampleApp_ClusterList,  //  uint8 *pAppInClusterList;
    110            SAMPLEAPP_MAX_CLUSTERS,          //  uint8  AppNumInClusters;
    111            (cId_t *)SampleApp_ClusterList   //  uint8 *pAppInClusterList;
    112          };
    113          
    114          // This is the Endpoint/Interface description.  It is defined here, but
    115          // filled-in in SampleApp_Init().  Another way to go would be to fill
    116          // in the structure here and make it a "const" (in code space).  The
    117          // way it's defined in this sample app it is define in RAM.

   \                                 In  segment XDATA_Z, align 1, keep-with-next
    118          endPointDesc_t SampleApp_epDesc;
   \                     SampleApp_epDesc:
   \   000000                DS 6
   \   000006                REQUIRE __INIT_XDATA_Z
    119          
    120          /*********************************************************************
    121           * EXTERNAL VARIABLES
    122           */
    123          
    124          /*********************************************************************
    125           * EXTERNAL FUNCTIONS
    126           */
    127          
    128          /*********************************************************************
    129           * LOCAL VARIABLES
    130           */

   \                                 In  segment XDATA_Z, align 1, keep-with-next
    131          uint8 SampleApp_TaskID;   // Task ID for internal task/event processing
   \                     SampleApp_TaskID:
   \   000000                DS 1
   \   000001                REQUIRE __INIT_XDATA_Z
    132                                    // This variable will be received when
    133                                    // SampleApp_Init() is called.

   \                                 In  segment XDATA_Z, align 1, keep-with-next
    134          devStates_t SampleApp_NwkState;
   \                     SampleApp_NwkState:
   \   000000                DS 1
   \   000001                REQUIRE __INIT_XDATA_Z
    135          

   \                                 In  segment XDATA_Z, align 1, keep-with-next
    136          uint8 SampleApp_TransID;  // This is the unique message ID (counter)
   \                     SampleApp_TransID:
   \   000000                DS 1
   \   000001                REQUIRE __INIT_XDATA_Z
    137          

   \                                 In  segment XDATA_Z, align 1, keep-with-next
    138          afAddrType_t SampleApp_Periodic_DstAddr;
   \                     SampleApp_Periodic_DstAddr:
   \   000000                DS 12
   \   00000C                REQUIRE __INIT_XDATA_Z

   \                                 In  segment XDATA_Z, align 1, keep-with-next
    139          afAddrType_t SampleApp_Flash_DstAddr;
   \                     SampleApp_Flash_DstAddr:
   \   000000                DS 12
   \   00000C                REQUIRE __INIT_XDATA_Z
    140          

   \                                 In  segment XDATA_Z, align 1, keep-with-next
    141          aps_Group_t SampleApp_Group;
   \                     SampleApp_Group:
   \   000000                DS 18
   \   000012                REQUIRE __INIT_XDATA_Z
    142          

   \                                 In  segment XDATA_Z, align 1, keep-with-next
    143          uint8 SampleAppPeriodicCounter = 0;
   \                     SampleAppPeriodicCounter:
   \   000000                DS 1
   \   000001                REQUIRE __INIT_XDATA_Z

   \                                 In  segment XDATA_Z, align 1, keep-with-next
    144          uint8 SampleAppFlashCounter = 0;
   \                     SampleAppFlashCounter:
   \   000000                DS 1
   \   000001                REQUIRE __INIT_XDATA_Z
    145          
    146          /*********************************************************************
    147           * LOCAL FUNCTIONS
    148           */
    149          void SampleApp_HandleKeys( uint8 shift, uint8 keys );
    150          void SampleApp_MessageMSGCB( afIncomingMSGPacket_t *pckt );
    151          void SampleApp_SendPeriodicMessage( void );
    152          void SampleApp_SendFlashMessage( uint16 flashTime );
    153          
    154          /*********************************************************************
    155           * NETWORK LAYER CALLBACKS
    156           */
    157          
    158          /*********************************************************************
    159           * PUBLIC FUNCTIONS
    160           */
    161          
    162          /*********************************************************************
    163           * @fn      SampleApp_Init
    164           *
    165           * @brief   Initialization function for the Generic App Task.
    166           *          This is called during initialization and should contain
    167           *          any application specific initialization (ie. hardware
    168           *          initialization/setup, table initialization, power up
    169           *          notificaiton ... ).
    170           *
    171           * @param   task_id - the ID assigned by OSAL.  This ID should be
    172           *                    used to send messages and set timers.
    173           *
    174           * @return  none
    175           */

   \                                 In  segment BANKED_CODE, align 1, keep-with-next
    176          void SampleApp_Init( uint8 task_id )
   \                     SampleApp_Init:
    177          {
   \   000000   74F5         MOV     A,#-0xb
   \   000002   12....       LCALL   ?BANKED_ENTER_XDATA
   \   000005                ; Saved register size: 11
   \   000005                ; Auto size: 0
   \   000005   E9           MOV     A,R1
   \   000006   FE           MOV     R6,A
    178            SampleApp_TaskID = task_id;
   \   000007   90....       MOV     DPTR,#SampleApp_TaskID
   \   00000A   F0           MOVX    @DPTR,A
    179            SampleApp_NwkState = DEV_INIT;
   \   00000B   90....       MOV     DPTR,#SampleApp_NwkState
   \   00000E   7401         MOV     A,#0x1
   \   000010   F0           MOVX    @DPTR,A
    180            SampleApp_TransID = 0;
   \   000011   90....       MOV     DPTR,#SampleApp_TransID
   \   000014   E4           CLR     A
   \   000015   F0           MOVX    @DPTR,A
    181            
    182            MT_UartInit();
   \   000016                ; Setup parameters for call to function MT_UartInit
   \   000016   12....       LCALL   ??MT_UartInit?relay
    183            MT_UartRegisterTaskID(task_id);
   \   000019                ; Setup parameters for call to function MT_UartRegisterTaskID
   \   000019   EE           MOV     A,R6
   \   00001A   F9           MOV     R1,A
   \   00001B   12....       LCALL   ??MT_UartRegisterTaskID?relay
    184            HalUARTWrite(0,"UartInit OK\n",sizeof("UartInit OK\n"));
   \   00001E                ; Setup parameters for call to function HalUARTWrite
   \   00001E   7C0D         MOV     R4,#0xd
   \   000020   7D00         MOV     R5,#0x0
   \   000022   7A..         MOV     R2,#`?<Constant "UartInit OK\\n">` & 0xff
   \   000024   7B..         MOV     R3,#(`?<Constant "UartInit OK\\n">` >> 8) & 0xff
   \   000026   7900         MOV     R1,#0x0
   \   000028   12....       LCALL   ??HalUARTWrite?relay
    185            // Device hardware initialization can be added here or in main() (Zmain.c).
    186            // If the hardware is application specific - add it here.
    187            // If the hardware is other parts of the device add it in main().
    188          
    189           #if defined ( BUILD_ALL_DEVICES )
    190            // The "Demo" target is setup to have BUILD_ALL_DEVICES and HOLD_AUTO_START
    191            // We are looking at a jumper (defined in SampleAppHw.c) to be jumpered
    192            // together - if they are - we will start up a coordinator. Otherwise,
    193            // the device will start as a router.
    194            if ( readCoordinatorJumper() )
    195              zgDeviceLogicalType = ZG_DEVICETYPE_COORDINATOR;
    196            else
    197              zgDeviceLogicalType = ZG_DEVICETYPE_ROUTER;
    198          #endif // BUILD_ALL_DEVICES
    199          
    200          #if defined ( HOLD_AUTO_START )
    201            // HOLD_AUTO_START is a compile option that will surpress ZDApp
    202            //  from starting the device and wait for the application to
    203            //  start the device.
    204            ZDOInitDevice(0);
    205          #endif
    206          
    207            // Setup for the periodic message's destination address
    208            // Broadcast to everyone
    209            SampleApp_Periodic_DstAddr.addrMode = (afAddrMode_t)AddrBroadcast;
   \   00002B   90....       MOV     DPTR,#SampleApp_Periodic_DstAddr + 8
   \   00002E   740F         MOV     A,#0xf
   \   000030   F0           MOVX    @DPTR,A
    210            SampleApp_Periodic_DstAddr.endPoint = SAMPLEAPP_ENDPOINT;
   \   000031   A3           INC     DPTR
   \   000032   7414         MOV     A,#0x14
   \   000034   F0           MOVX    @DPTR,A
    211            SampleApp_Periodic_DstAddr.addr.shortAddr = 0xFFFF;
   \   000035   90....       MOV     DPTR,#SampleApp_Periodic_DstAddr
   \   000038   74FF         MOV     A,#-0x1
   \   00003A   F0           MOVX    @DPTR,A
   \   00003B   A3           INC     DPTR
   \   00003C   F0           MOVX    @DPTR,A
    212          
    213            // Setup for the flash command's destination address - Group 1
    214            SampleApp_Flash_DstAddr.addrMode = (afAddrMode_t)afAddrGroup;
   \   00003D   90....       MOV     DPTR,#SampleApp_Flash_DstAddr + 8
   \   000040   7401         MOV     A,#0x1
   \   000042   F0           MOVX    @DPTR,A
    215            SampleApp_Flash_DstAddr.endPoint = SAMPLEAPP_ENDPOINT;
   \   000043   A3           INC     DPTR
   \   000044   7414         MOV     A,#0x14
   \   000046   F0           MOVX    @DPTR,A
    216            SampleApp_Flash_DstAddr.addr.shortAddr = SAMPLEAPP_FLASH_GROUP;
   \   000047   90....       MOV     DPTR,#SampleApp_Flash_DstAddr
   \   00004A   7401         MOV     A,#0x1
   \   00004C   F0           MOVX    @DPTR,A
   \   00004D   A3           INC     DPTR
   \   00004E   E4           CLR     A
   \   00004F   F0           MOVX    @DPTR,A
    217          
    218            // Fill out the endpoint description.
    219            SampleApp_epDesc.endPoint = SAMPLEAPP_ENDPOINT;
   \   000050   90....       MOV     DPTR,#SampleApp_epDesc
   \   000053   7414         MOV     A,#0x14
   \   000055   F0           MOVX    @DPTR,A
    220            SampleApp_epDesc.task_id = &SampleApp_TaskID;
   \   000056   A3           INC     DPTR
   \   000057   74..         MOV     A,#SampleApp_TaskID & 0xff
   \   000059   F0           MOVX    @DPTR,A
   \   00005A   A3           INC     DPTR
   \   00005B   74..         MOV     A,#(SampleApp_TaskID >> 8) & 0xff
   \   00005D   F0           MOVX    @DPTR,A
    221            SampleApp_epDesc.simpleDesc
    222                      = (SimpleDescriptionFormat_t *)&SampleApp_SimpleDesc;
   \   00005E   A3           INC     DPTR
   \   00005F   74..         MOV     A,#SampleApp_SimpleDesc & 0xff
   \   000061   F0           MOVX    @DPTR,A
   \   000062   A3           INC     DPTR
   \   000063   74..         MOV     A,#(SampleApp_SimpleDesc >> 8) & 0xff
   \   000065   F0           MOVX    @DPTR,A
    223            SampleApp_epDesc.latencyReq = noLatencyReqs;
   \   000066   A3           INC     DPTR
   \   000067   E4           CLR     A
   \   000068   F0           MOVX    @DPTR,A
    224          
    225            // Register the endpoint description with the AF
    226            afRegister( &SampleApp_epDesc );
   \   000069                ; Setup parameters for call to function afRegister
   \   000069   7A..         MOV     R2,#SampleApp_epDesc & 0xff
   \   00006B   7B..         MOV     R3,#(SampleApp_epDesc >> 8) & 0xff
   \   00006D   12....       LCALL   ??afRegister?relay
    227          
    228            // Register for all key events - This app will handle all key events
    229            RegisterForKeys( SampleApp_TaskID );
   \   000070                ; Setup parameters for call to function RegisterForKeys
   \   000070   90....       MOV     DPTR,#SampleApp_TaskID
   \   000073   E0           MOVX    A,@DPTR
   \   000074   F9           MOV     R1,A
   \   000075   12....       LCALL   ??RegisterForKeys?relay
    230          
    231            // By default, all devices start out in Group 1
    232            SampleApp_Group.ID = 0x0001;
   \   000078   90....       MOV     DPTR,#SampleApp_Group
   \   00007B   7401         MOV     A,#0x1
   \   00007D   F0           MOVX    @DPTR,A
   \   00007E   A3           INC     DPTR
   \   00007F   E4           CLR     A
   \   000080   F0           MOVX    @DPTR,A
    233            osal_memcpy( SampleApp_Group.name, "Group 1", 7  );
   \   000081                ; Setup parameters for call to function osal_memcpy
   \   000081   75....       MOV     ?V0 + 0,#`?<Constant "Group 1">` & 0xff
   \   000084   75....       MOV     ?V0 + 1,#(`?<Constant "Group 1">` >> 8) & 0xff
   \   000087   F5..         MOV     ?V0 + 2,A
   \   000089   78..         MOV     R0,#?V0 + 0
   \   00008B   12....       LCALL   ?PUSH_XSTACK_I_THREE
   \   00008E   7C07         MOV     R4,#0x7
   \   000090   7D00         MOV     R5,#0x0
   \   000092   7A..         MOV     R2,#(SampleApp_Group + 2) & 0xff
   \   000094   7B..         MOV     R3,#((SampleApp_Group + 2) >> 8) & 0xff
   \   000096   12....       LCALL   ??osal_memcpy?relay
   \   000099   7403         MOV     A,#0x3
   \   00009B   12....       LCALL   ?DEALLOC_XSTACK8
    234            aps_AddGroup( SAMPLEAPP_ENDPOINT, &SampleApp_Group );
   \   00009E                ; Setup parameters for call to function aps_AddGroup
   \   00009E   7A..         MOV     R2,#SampleApp_Group & 0xff
   \   0000A0   7B..         MOV     R3,#(SampleApp_Group >> 8) & 0xff
   \   0000A2   7914         MOV     R1,#0x14
   \   0000A4   12....       LCALL   ??aps_AddGroup?relay
    235          
    236          #if defined ( LCD_SUPPORTED )
    237            HalLcdWriteString( "SampleApp", HAL_LCD_LINE_1 );
    238          #endif
    239          }
   \   0000A7   7F03         MOV     R7,#0x3
   \   0000A9   02....       LJMP    ?BANKED_LEAVE_XDATA
    240          
    241          /*********************************************************************
    242           * @fn      SampleApp_ProcessEvent
    243           *
    244           * @brief   Generic Application Task event processor.  This function
    245           *          is called to process all events for the task.  Events
    246           *          include timers, messages and any other user defined events.
    247           *
    248           * @param   task_id  - The OSAL assigned task ID.
    249           * @param   events - events to process.  This is a bit map and can
    250           *                   contain more than one event.
    251           *
    252           * @return  none
    253           */

   \                                 In  segment BANKED_CODE, align 1, keep-with-next
    254          uint16 SampleApp_ProcessEvent( uint8 task_id, uint16 events )
   \                     SampleApp_ProcessEvent:
    255          {
   \   000000   74F4         MOV     A,#-0xc
   \   000002   12....       LCALL   ?BANKED_ENTER_XDATA
   \   000005                ; Saved register size: 12
   \   000005                ; Auto size: 0
   \   000005   EA           MOV     A,R2
   \   000006   FE           MOV     R6,A
   \   000007   EB           MOV     A,R3
   \   000008   FF           MOV     R7,A
    256            afIncomingMSGPacket_t *MSGpkt;
    257            (void)task_id;  // Intentionally unreferenced parameter
    258          
    259            if ( events & SYS_EVENT_MSG )
   \   000009   5480         ANL     A,#0x80
   \   00000B   606F         JZ      ??SampleApp_ProcessEvent_0
    260            {
    261              MSGpkt = (afIncomingMSGPacket_t *)osal_msg_receive( SampleApp_TaskID );
   \   00000D                ; Setup parameters for call to function osal_msg_receive
   \   00000D   8021         SJMP    ??SampleApp_ProcessEvent_1
    262              while ( MSGpkt )
    263              {
    264                switch ( MSGpkt->hdr.event )
    265                {
    266                  // Received when a key is pressed
    267                  case KEY_CHANGE:
    268                    SampleApp_HandleKeys( ((keyChange_t *)MSGpkt)->state, ((keyChange_t *)MSGpkt)->keys );
    269                    break;
    270          
    271                  // Received when a messages is received (OTA) for this endpoint
    272                  case AF_INCOMING_MSG_CMD:
    273                    SampleApp_MessageMSGCB( MSGpkt );
    274                    break;
    275          
    276                  // Received whenever the device changes state in the network
    277                  case ZDO_STATE_CHANGE:
    278                    SampleApp_NwkState = (devStates_t)(MSGpkt->hdr.status);
   \                     ??SampleApp_ProcessEvent_2:
   \   00000F   A3           INC     DPTR
   \   000010   E0           MOVX    A,@DPTR
   \   000011   90....       MOV     DPTR,#SampleApp_NwkState
   \   000014   F0           MOVX    @DPTR,A
    279                    if ( (SampleApp_NwkState == DEV_ZB_COORD))
   \   000015   6409         XRL     A,#0x9
   \   000017   7010         JNZ     ??SampleApp_ProcessEvent_3
    280                       // || (SampleApp_NwkState == DEV_ROUTER)
    281                        //|| (SampleApp_NwkState == DEV_END_DEVICE) )
    282                    {
    283                      // Start sending the periodic message in a regular interval.
    284                      osal_start_timerEx( SampleApp_TaskID,
    285                                        SAMPLEAPP_SEND_PERIODIC_MSG_EVT,
    286                                        SAMPLEAPP_SEND_PERIODIC_MSG_TIMEOUT );
   \   000019                ; Setup parameters for call to function osal_start_timerEx
   \   000019   7C88         MOV     R4,#-0x78
   \   00001B   7D13         MOV     R5,#0x13
   \   00001D   7A01         MOV     R2,#0x1
   \   00001F   7B00         MOV     R3,#0x0
   \   000021   90....       MOV     DPTR,#SampleApp_TaskID
   \   000024   E0           MOVX    A,@DPTR
   \   000025   F9           MOV     R1,A
   \   000026   12....       LCALL   ??osal_start_timerEx?relay
    287                    }
    288                    else
    289                    {
    290                      // Device is no longer in the network
    291                    }
    292                    break;
    293          
    294                  default:
    295                    break;
    296                }
    297          
    298                // Release the memory
    299                osal_msg_deallocate( (uint8 *)MSGpkt );
   \                     ??SampleApp_ProcessEvent_3:
   \   000029                ; Setup parameters for call to function osal_msg_deallocate
   \   000029   AA..         MOV     R2,?V0 + 0
   \   00002B   AB..         MOV     R3,?V0 + 1
   \   00002D   12....       LCALL   ??osal_msg_deallocate?relay
    300          
    301                // Next - if one is available
    302                MSGpkt = (afIncomingMSGPacket_t *)osal_msg_receive( SampleApp_TaskID );
   \   000030                ; Setup parameters for call to function osal_msg_receive
   \                     ??SampleApp_ProcessEvent_1:
   \   000030   90....       MOV     DPTR,#SampleApp_TaskID
   \   000033   E0           MOVX    A,@DPTR
   \   000034   F9           MOV     R1,A
   \   000035   12....       LCALL   ??osal_msg_receive?relay
   \   000038   8A..         MOV     ?V0 + 0,R2
   \   00003A   8B..         MOV     ?V0 + 1,R3
   \   00003C   E5..         MOV     A,?V0 + 0
   \   00003E   45..         ORL     A,?V0 + 1
   \   000040   6032         JZ      ??SampleApp_ProcessEvent_4
   \   000042   85..82       MOV     DPL,?V0 + 0
   \   000045   85..83       MOV     DPH,?V0 + 1
   \   000048   E0           MOVX    A,@DPTR
   \   000049   24E6         ADD     A,#-0x1a
   \   00004B   601E         JZ      ??SampleApp_ProcessEvent_5
   \   00004D   245A         ADD     A,#0x5a
   \   00004F   6006         JZ      ??SampleApp_ProcessEvent_6
   \   000051   24EF         ADD     A,#-0x11
   \   000053   60BA         JZ      ??SampleApp_ProcessEvent_2
   \   000055   80D2         SJMP    ??SampleApp_ProcessEvent_3
   \                     ??SampleApp_ProcessEvent_6:
   \   000057                ; Setup parameters for call to function SampleApp_HandleKeys
   \   000057   A3           INC     DPTR
   \   000058   A3           INC     DPTR
   \   000059   A3           INC     DPTR
   \   00005A   E0           MOVX    A,@DPTR
   \   00005B   FA           MOV     R2,A
   \   00005C   85..82       MOV     DPL,?V0 + 0
   \   00005F   85..83       MOV     DPH,?V0 + 1
   \   000062   A3           INC     DPTR
   \   000063   A3           INC     DPTR
   \   000064   E0           MOVX    A,@DPTR
   \   000065   F9           MOV     R1,A
   \   000066   12....       LCALL   ??SampleApp_HandleKeys?relay
   \   000069   80BE         SJMP    ??SampleApp_ProcessEvent_3
   \                     ??SampleApp_ProcessEvent_5:
   \   00006B                ; Setup parameters for call to function SampleApp_MessageMSGCB
   \   00006B   AA..         MOV     R2,?V0 + 0
   \   00006D   AB..         MOV     R3,?V0 + 1
   \   00006F   12....       LCALL   ??SampleApp_MessageMSGCB?relay
   \   000072   80B5         SJMP    ??SampleApp_ProcessEvent_3
    303              }
    304          
    305              // return unprocessed events
    306              return (events ^ SYS_EVENT_MSG);
   \                     ??SampleApp_ProcessEvent_4:
   \   000074   EE           MOV     A,R6
   \   000075   FA           MOV     R2,A
   \   000076   EF           MOV     A,R7
   \   000077   6480         XRL     A,#0x80
   \                     ??SampleApp_ProcessEvent_7:
   \   000079   FB           MOV     R3,A
   \   00007A   802A         SJMP    ??SampleApp_ProcessEvent_8
    307            }
    308          
    309            // Send a message out - This event is generated by a timer
    310            //  (setup in SampleApp_Init()).
    311            if ( events & SAMPLEAPP_SEND_PERIODIC_MSG_EVT )
   \                     ??SampleApp_ProcessEvent_0:
   \   00007C   EE           MOV     A,R6
   \   00007D   A2E0         MOV     C,0xE0 /* A   */.0
   \   00007F   5021         JNC     ??SampleApp_ProcessEvent_9
    312            {
    313              // Send the periodic message
    314              SampleApp_SendPeriodicMessage();
   \   000081                ; Setup parameters for call to function SampleApp_SendPeriodicMessage
   \   000081   12....       LCALL   ??SampleApp_SendPeriodicMessage?relay
    315          
    316              // Setup to send message again in normal period (+ a little jitter)
    317              osal_start_timerEx( SampleApp_TaskID, SAMPLEAPP_SEND_PERIODIC_MSG_EVT,
    318                  (SAMPLEAPP_SEND_PERIODIC_MSG_TIMEOUT + (osal_rand() & 0x00FF)) );
   \   000084                ; Setup parameters for call to function osal_rand
   \   000084   12....       LCALL   ??osal_rand?relay
   \   000087                ; Setup parameters for call to function osal_start_timerEx
   \   000087   EA           MOV     A,R2
   \   000088   2488         ADD     A,#-0x78
   \   00008A   FC           MOV     R4,A
   \   00008B   E4           CLR     A
   \   00008C   3413         ADDC    A,#0x13
   \   00008E   FD           MOV     R5,A
   \   00008F   7A01         MOV     R2,#0x1
   \   000091   7B00         MOV     R3,#0x0
   \   000093   90....       MOV     DPTR,#SampleApp_TaskID
   \   000096   E0           MOVX    A,@DPTR
   \   000097   F9           MOV     R1,A
   \   000098   12....       LCALL   ??osal_start_timerEx?relay
    319          
    320              // return unprocessed events
    321              return (events ^ SAMPLEAPP_SEND_PERIODIC_MSG_EVT);
   \   00009B   EE           MOV     A,R6
   \   00009C   6401         XRL     A,#0x1
   \   00009E   FA           MOV     R2,A
   \   00009F   EF           MOV     A,R7
   \   0000A0   80D7         SJMP    ??SampleApp_ProcessEvent_7
    322            }
    323          
    324            // Discard unknown events
    325            return 0;
   \                     ??SampleApp_ProcessEvent_9:
   \   0000A2   7A00         MOV     R2,#0x0
   \   0000A4   7B00         MOV     R3,#0x0
   \                     ??SampleApp_ProcessEvent_8:
   \   0000A6   7F04         MOV     R7,#0x4
   \   0000A8   02....       LJMP    ?BANKED_LEAVE_XDATA
    326          }
    327          
    328          /*********************************************************************
    329           * Event Generation Functions
    330           */
    331          /*********************************************************************
    332           * @fn      SampleApp_HandleKeys
    333           *
    334           * @brief   Handles all key events for this device.
    335           *
    336           * @param   shift - true if in shift/alt.
    337           * @param   keys - bit field for key events. Valid entries:
    338           *                 HAL_KEY_SW_2
    339           *                 HAL_KEY_SW_1
    340           *
    341           * @return  none
    342           */

   \                                 In  segment BANKED_CODE, align 1, keep-with-next
    343          void SampleApp_HandleKeys( uint8 shift, uint8 keys )
   \                     SampleApp_HandleKeys:
    344          {
   \   000000   74F6         MOV     A,#-0xa
   \   000002   12....       LCALL   ?BANKED_ENTER_XDATA
   \   000005                ; Saved register size: 10
   \   000005                ; Auto size: 0
   \   000005   EA           MOV     A,R2
   \   000006   FE           MOV     R6,A
    345            (void)shift;  // Intentionally unreferenced parameter
    346            
    347            if ( keys & HAL_KEY_SW_1 )
   \   000007   A2E0         MOV     C,0xE0 /* A   */.0
   \   000009   5007         JNC     ??SampleApp_HandleKeys_0
    348            {
    349              /* This key sends the Flash Command is sent to Group 1.
    350               * This device will not receive the Flash Command from this
    351               * device (even if it belongs to group 1).
    352               */
    353              SampleApp_SendFlashMessage( SAMPLEAPP_FLASH_DURATION );
   \   00000B                ; Setup parameters for call to function SampleApp_SendFlashMessage
   \   00000B   7AE8         MOV     R2,#-0x18
   \   00000D   7B03         MOV     R3,#0x3
   \   00000F   12....       LCALL   ??SampleApp_SendFlashMessage?relay
    354            }
    355          
    356            if ( keys & HAL_KEY_SW_2 )
   \                     ??SampleApp_HandleKeys_0:
   \   000012   EE           MOV     A,R6
   \   000013   A2E1         MOV     C,0xE0 /* A   */.1
   \   000015   5024         JNC     ??SampleApp_HandleKeys_1
    357            {
    358              /* The Flashr Command is sent to Group 1.
    359               * This key toggles this device in and out of group 1.
    360               * If this device doesn't belong to group 1, this application
    361               * will not receive the Flash command sent to group 1.
    362               */
    363              aps_Group_t *grp;
    364              grp = aps_FindGroup( SAMPLEAPP_ENDPOINT, SAMPLEAPP_FLASH_GROUP );
    365              if ( grp )
   \   000017                ; Setup parameters for call to function aps_FindGroup
   \   000017   7A01         MOV     R2,#0x1
   \   000019   7B00         MOV     R3,#0x0
   \   00001B   7914         MOV     R1,#0x14
   \   00001D   12....       LCALL   ??aps_FindGroup?relay
   \   000020   8B..         MOV     ?V0 + 1,R3
   \   000022   EA           MOV     A,R2
   \   000023   45..         ORL     A,?V0 + 1
   \   000025   600B         JZ      ??SampleApp_HandleKeys_2
    366              {
    367                // Remove from the group
    368                aps_RemoveGroup( SAMPLEAPP_ENDPOINT, SAMPLEAPP_FLASH_GROUP );
   \   000027                ; Setup parameters for call to function aps_RemoveGroup
   \   000027   7A01         MOV     R2,#0x1
   \   000029   7B00         MOV     R3,#0x0
   \   00002B   7914         MOV     R1,#0x14
   \   00002D   12....       LCALL   ??aps_RemoveGroup?relay
   \   000030   8009         SJMP    ??SampleApp_HandleKeys_1
    369              }
    370              else
    371              {
    372                // Add to the flash group
    373                aps_AddGroup( SAMPLEAPP_ENDPOINT, &SampleApp_Group );
   \                     ??SampleApp_HandleKeys_2:
   \   000032                ; Setup parameters for call to function aps_AddGroup
   \   000032   7A..         MOV     R2,#SampleApp_Group & 0xff
   \   000034   7B..         MOV     R3,#(SampleApp_Group >> 8) & 0xff
   \   000036   7914         MOV     R1,#0x14
   \   000038   12....       LCALL   ??aps_AddGroup?relay
    374              }
    375            }
    376          }
   \                     ??SampleApp_HandleKeys_1:
   \   00003B   80..         SJMP    ??Subroutine2_0

   \                                 In  segment BANKED_CODE, align 1, keep-with-next
   \                     ??Subroutine2_0:
   \   000000   7F02         MOV     R7,#0x2
   \   000002   02....       LJMP    ?BANKED_LEAVE_XDATA
    377          
    378          /*********************************************************************
    379           * LOCAL FUNCTIONS
    380           */
    381          
    382          /*********************************************************************
    383           * @fn      SampleApp_MessageMSGCB
    384           *
    385           * @brief   Data message processor callback.  This function processes
    386           *          any incoming data - probably from other devices.  So, based
    387           *          on cluster ID, perform the intended action.
    388           *
    389           * @param   none
    390           *
    391           * @return  none
    392           */

   \                                 In  segment BANKED_CODE, align 1, keep-with-next
    393          void SampleApp_MessageMSGCB( afIncomingMSGPacket_t *pkt )
   \                     SampleApp_MessageMSGCB:
    394          {
   \   000000   74F6         MOV     A,#-0xa
   \   000002   12....       LCALL   ?BANKED_ENTER_XDATA
   \   000005                ; Saved register size: 10
   \   000005                ; Auto size: 0
   \   000005   EA           MOV     A,R2
   \   000006   FE           MOV     R6,A
   \   000007   EB           MOV     A,R3
   \   000008   FF           MOV     R7,A
    395            uint16 flashTime;
    396          
    397            switch ( pkt->clusterId )
   \   000009   8E82         MOV     DPL,R6
   \   00000B   8F83         MOV     DPH,R7
   \   00000D   A3           INC     DPTR
   \   00000E   A3           INC     DPTR
   \   00000F   A3           INC     DPTR
   \   000010   A3           INC     DPTR
   \   000011   E0           MOVX    A,@DPTR
   \   000012   F5..         MOV     ?V0 + 0,A
   \   000014   A3           INC     DPTR
   \   000015   E0           MOVX    A,@DPTR
   \   000016   F5..         MOV     ?V0 + 1,A
   \   000018   78..         MOV     R0,#?V0 + 0
   \   00001A   12....       LCALL   ?US_SWITCH_DENSE
   \                     `?<Jumptable for SampleApp_MessageMSGCB>_0`:
   \   00001D   0100         DW        1
   \   00001F   01           DB        1
   \   000020   ....         DW        ??SampleApp_MessageMSGCB_0
   \   000022   ....         DW        ??SampleApp_MessageMSGCB_1
   \   000024   ....         DW        ??SampleApp_MessageMSGCB_2
    398            {
    399              case SAMPLEAPP_PERIODIC_CLUSTERID:
    400                HalUARTWrite(0,"Rx:",3);
   \                     ??SampleApp_MessageMSGCB_1:
   \   000026                ; Setup parameters for call to function HalUARTWrite
   \   000026   7C03         MOV     R4,#0x3
   \   000028   7D00         MOV     R5,#0x0
   \   00002A   7A..         MOV     R2,#`?<Constant "Rx:">` & 0xff
   \   00002C   7B..         MOV     R3,#(`?<Constant "Rx:">` >> 8) & 0xff
   \   00002E   7900         MOV     R1,#0x0
   \   000030   12....       LCALL   ??HalUARTWrite?relay
    401                HalUARTWrite(0,pkt->cmd.Data,pkt->cmd.DataLength);
   \   000033                ; Setup parameters for call to function HalUARTWrite
   \   000033   EE           MOV     A,R6
   \   000034   2420         ADD     A,#0x20
   \   000036   F582         MOV     DPL,A
   \   000038   EF           MOV     A,R7
   \   000039   3400         ADDC    A,#0x0
   \   00003B   F583         MOV     DPH,A
   \   00003D   E0           MOVX    A,@DPTR
   \   00003E   FC           MOV     R4,A
   \   00003F   A3           INC     DPTR
   \   000040   E0           MOVX    A,@DPTR
   \   000041   FD           MOV     R5,A
   \   000042   12....       LCALL   ?Subroutine1 & 0xFFFF
   \                     ??CrossCallReturnLabel_0:
   \   000045   FA           MOV     R2,A
   \   000046   A3           INC     DPTR
   \   000047   E0           MOVX    A,@DPTR
   \   000048   FB           MOV     R3,A
   \   000049   7900         MOV     R1,#0x0
   \   00004B   12....       LCALL   ??HalUARTWrite?relay
    402                HalUARTWrite(0,"\n",1);
   \   00004E                ; Setup parameters for call to function HalUARTWrite
   \   00004E   7C01         MOV     R4,#0x1
   \   000050   7D00         MOV     R5,#0x0
   \   000052   7A..         MOV     R2,#`?<Constant "\\n">` & 0xff
   \   000054   7B..         MOV     R3,#(`?<Constant "\\n">` >> 8) & 0xff
   \   000056   7900         MOV     R1,#0x0
   \   000058   12....       LCALL   ??HalUARTWrite?relay
    403                break;
   \   00005B   8033         SJMP    ??SampleApp_MessageMSGCB_0
   \                     ??SampleApp_MessageMSGCB_2:
   \   00005D   12....       LCALL   ?Subroutine1 & 0xFFFF
   \                     ??CrossCallReturnLabel_1:
   \   000060   F8           MOV     R0,A
   \   000061   A3           INC     DPTR
   \   000062   E0           MOVX    A,@DPTR
   \   000063   F9           MOV     R1,A
   \   000064                ; Setup parameters for call to function HalLedBlink
   \   000064   8882         MOV     DPL,R0
   \   000066   8983         MOV     DPH,R1
   \   000068   A3           INC     DPTR
   \   000069   E0           MOVX    A,@DPTR
   \   00006A   FA           MOV     R2,A
   \   00006B   8882         MOV     DPL,R0
   \   00006D   8983         MOV     DPH,R1
   \   00006F   A3           INC     DPTR
   \   000070   A3           INC     DPTR
   \   000071   E0           MOVX    A,@DPTR
   \   000072   F9           MOV     R1,A
   \   000073   EA           MOV     A,R2
   \   000074   2400         ADD     A,#0x0
   \   000076   F5..         MOV     ?V0 + 0,A
   \   000078   E4           CLR     A
   \   000079   39           ADDC    A,R1
   \   00007A   F5..         MOV     ?V0 + 1,A
   \   00007C   7402         MOV     A,#0x2
   \   00007E   78..         MOV     R0,#?V0 + 0
   \   000080   12....       LCALL   ?US_SHR
   \   000083   AC..         MOV     R4,?V0 + 0
   \   000085   AD..         MOV     R5,?V0 + 1
   \   000087   7B32         MOV     R3,#0x32
   \   000089   7A04         MOV     R2,#0x4
   \   00008B   7908         MOV     R1,#0x8
    404          
    405              case SAMPLEAPP_FLASH_CLUSTERID:
    406                flashTime = BUILD_UINT16(pkt->cmd.Data[1], pkt->cmd.Data[2] );
    407                HalLedBlink( HAL_LED_4, 4, 50, (flashTime / 4) );
   \   00008D   12....       LCALL   ??HalLedBlink?relay
    408                break;
    409            }
    410          }
   \                     ??SampleApp_MessageMSGCB_0:
   \   000090   02....       LJMP    ??Subroutine2_0 & 0xFFFF

   \                                 In  segment BANKED_CODE, align 1, keep-with-next
   \                     ?Subroutine1:
   \   000000   EE           MOV     A,R6
   \   000001   2422         ADD     A,#0x22
   \   000003   F582         MOV     DPL,A
   \   000005   EF           MOV     A,R7
   \   000006   3400         ADDC    A,#0x0
   \   000008   F583         MOV     DPH,A
   \   00000A   E0           MOVX    A,@DPTR
   \   00000B   22           RET
    411          
    412          /*********************************************************************
    413           * @fn      SampleApp_SendPeriodicMessage
    414           *
    415           * @brief   Send the periodic message.
    416           *
    417           * @param   none
    418           *
    419           * @return  none
    420           */

   \                                 In  segment BANKED_CODE, align 1, keep-with-next
   \                     ?Subroutine0:
   \   000000   12....       LCALL   ?DEALLOC_XSTACK8
   \   000003                REQUIRE ??Subroutine2_0
   \   000003                ; // Fall through to label ??Subroutine2_0

   \                                 In  segment BANKED_CODE, align 1, keep-with-next
    421          void SampleApp_SendPeriodicMessage( void )
   \                     SampleApp_SendPeriodicMessage:
    422          {
   \   000000   74F6         MOV     A,#-0xa
   \   000002   12....       LCALL   ?BANKED_ENTER_XDATA
   \   000005                ; Saved register size: 10
   \   000005                ; Auto size: 11
   \   000005   74F5         MOV     A,#-0xb
   \   000007   12....       LCALL   ?ALLOC_XSTACK8
    423            uint8 data[11] = "0123456789";
   \   00000A   85..82       MOV     DPL,?XSP + 0
   \   00000D   85..83       MOV     DPH,?XSP + 1
   \   000010   AC82         MOV     R4,DPL
   \   000012   AD83         MOV     R5,DPH
   \   000014   7583..       MOV     DPH,#(`?<Constant "0123456789">` >> 8) & 0xff
   \   000017   7582..       MOV     DPL,#`?<Constant "0123456789">` & 0xff
   \   00001A   740B         MOV     A,#0xb
   \   00001C   12....       LCALL   ?MOVE_LONG8_XDATA_XDATA
    424            if ( AF_DataRequest( &SampleApp_Periodic_DstAddr, &SampleApp_epDesc,
    425                                 SAMPLEAPP_PERIODIC_CLUSTERID,
    426                                 10,
    427                                 data,
    428                                 &SampleApp_TransID,
    429                                 AF_DISCV_ROUTE,
    430                                 AF_DEFAULT_RADIUS ) == afStatus_SUCCESS )
   \   00001F                ; Setup parameters for call to function AF_DataRequest
   \   00001F   75..1E       MOV     ?V0 + 0,#0x1e
   \   000022   78..         MOV     R0,#?V0 + 0
   \   000024   12....       LCALL   ?PUSH_XSTACK_I_ONE
   \   000027   75....       MOV     ?V0 + 0,#SampleApp_TransID & 0xff
   \   00002A   75....       MOV     ?V0 + 1,#(SampleApp_TransID >> 8) & 0xff
   \   00002D   78..         MOV     R0,#?V0 + 0
   \   00002F   12....       LCALL   ?PUSH_XSTACK_I_TWO
   \   000032   7403         MOV     A,#0x3
   \   000034   12....       LCALL   ?XSTACK_DISP0_8
   \   000037   8582..       MOV     ?V0 + 0,DPL
   \   00003A   8583..       MOV     ?V0 + 1,DPH
   \   00003D   78..         MOV     R0,#?V0 + 0
   \   00003F   12....       LCALL   ?PUSH_XSTACK_I_TWO
   \   000042   75..0A       MOV     ?V0 + 0,#0xa
   \   000045   75..00       MOV     ?V0 + 1,#0x0
   \   000048   78..         MOV     R0,#?V0 + 0
   \   00004A   12....       LCALL   ?PUSH_XSTACK_I_TWO
   \   00004D   75..01       MOV     ?V0 + 0,#0x1
   \   000050   78..         MOV     R0,#?V0 + 0
   \   000052   12....       LCALL   ?PUSH_XSTACK_I_TWO
   \   000055   7920         MOV     R1,#0x20
   \   000057   7C..         MOV     R4,#SampleApp_epDesc & 0xff
   \   000059   7D..         MOV     R5,#(SampleApp_epDesc >> 8) & 0xff
   \   00005B   7A..         MOV     R2,#SampleApp_Periodic_DstAddr & 0xff
   \   00005D   7B..         MOV     R3,#(SampleApp_Periodic_DstAddr >> 8) & 0xff
   \   00005F   12....       LCALL   ??AF_DataRequest?relay
   \   000062   7409         MOV     A,#0x9
   \   000064   12....       LCALL   ?DEALLOC_XSTACK8
    431            {
    432            }
    433            else
    434            {
    435              // Error occurred in request to send.
    436            }
    437          }
   \   000067   740B         MOV     A,#0xb
   \   000069   02....       LJMP    ?Subroutine0 & 0xFFFF
    438          
    439          /*********************************************************************
    440           * @fn      SampleApp_SendFlashMessage
    441           *
    442           * @brief   Send the flash message to group 1.
    443           *
    444           * @param   flashTime - in milliseconds
    445           *
    446           * @return  none
    447           */

   \                                 In  segment BANKED_CODE, align 1, keep-with-next
    448          void SampleApp_SendFlashMessage( uint16 flashTime )
   \                     SampleApp_SendFlashMessage:
    449          {
   \   000000   74F6         MOV     A,#-0xa
   \   000002   12....       LCALL   ?BANKED_ENTER_XDATA
   \   000005                ; Saved register size: 10
   \   000005                ; Auto size: 3
   \   000005   74FD         MOV     A,#-0x3
   \   000007   12....       LCALL   ?ALLOC_XSTACK8
    450            uint8 buffer[3];
    451            buffer[0] = (uint8)(SampleAppFlashCounter++);
   \   00000A   90....       MOV     DPTR,#SampleAppFlashCounter
   \   00000D   E0           MOVX    A,@DPTR
   \   00000E   85..82       MOV     DPL,?XSP + 0
   \   000011   85..83       MOV     DPH,?XSP + 1
   \   000014   F0           MOVX    @DPTR,A
   \   000015   90....       MOV     DPTR,#SampleAppFlashCounter
   \   000018   E0           MOVX    A,@DPTR
   \   000019   04           INC     A
   \   00001A   F0           MOVX    @DPTR,A
    452            buffer[1] = LO_UINT16( flashTime );
   \   00001B   7401         MOV     A,#0x1
   \   00001D   12....       LCALL   ?XSTACK_DISP0_8
   \   000020   EA           MOV     A,R2
   \   000021   F0           MOVX    @DPTR,A
    453            buffer[2] = HI_UINT16( flashTime );
   \   000022   7402         MOV     A,#0x2
   \   000024   12....       LCALL   ?XSTACK_DISP0_8
   \   000027   EB           MOV     A,R3
   \   000028   F0           MOVX    @DPTR,A
    454          
    455            if ( AF_DataRequest( &SampleApp_Flash_DstAddr, &SampleApp_epDesc,
    456                                 SAMPLEAPP_FLASH_CLUSTERID,
    457                                 3,
    458                                 buffer,
    459                                 &SampleApp_TransID,
    460                                 AF_DISCV_ROUTE,
    461                                 AF_DEFAULT_RADIUS ) == afStatus_SUCCESS )
   \   000029                ; Setup parameters for call to function AF_DataRequest
   \   000029   75..1E       MOV     ?V0 + 0,#0x1e
   \   00002C   78..         MOV     R0,#?V0 + 0
   \   00002E   12....       LCALL   ?PUSH_XSTACK_I_ONE
   \   000031   75....       MOV     ?V0 + 0,#SampleApp_TransID & 0xff
   \   000034   75....       MOV     ?V0 + 1,#(SampleApp_TransID >> 8) & 0xff
   \   000037   78..         MOV     R0,#?V0 + 0
   \   000039   12....       LCALL   ?PUSH_XSTACK_I_TWO
   \   00003C   7403         MOV     A,#0x3
   \   00003E   12....       LCALL   ?XSTACK_DISP0_8
   \   000041   8582..       MOV     ?V0 + 0,DPL
   \   000044   8583..       MOV     ?V0 + 1,DPH
   \   000047   78..         MOV     R0,#?V0 + 0
   \   000049   12....       LCALL   ?PUSH_XSTACK_I_TWO
   \   00004C   75..03       MOV     ?V0 + 0,#0x3
   \   00004F   75..00       MOV     ?V0 + 1,#0x0
   \   000052   78..         MOV     R0,#?V0 + 0
   \   000054   12....       LCALL   ?PUSH_XSTACK_I_TWO
   \   000057   75..02       MOV     ?V0 + 0,#0x2
   \   00005A   78..         MOV     R0,#?V0 + 0
   \   00005C   12....       LCALL   ?PUSH_XSTACK_I_TWO
   \   00005F   7920         MOV     R1,#0x20
   \   000061   7C..         MOV     R4,#SampleApp_epDesc & 0xff
   \   000063   7D..         MOV     R5,#(SampleApp_epDesc >> 8) & 0xff
   \   000065   7A..         MOV     R2,#SampleApp_Flash_DstAddr & 0xff
   \   000067   7B..         MOV     R3,#(SampleApp_Flash_DstAddr >> 8) & 0xff
   \   000069   12....       LCALL   ??AF_DataRequest?relay
   \   00006C   7409         MOV     A,#0x9
   \   00006E   12....       LCALL   ?DEALLOC_XSTACK8
    462            {
    463            }
    464            else
    465            {
    466              // Error occurred in request to send.
    467            }
    468          }
   \   000071   7403         MOV     A,#0x3
   \   000073   02....       LJMP    ?Subroutine0 & 0xFFFF

   \                                 In  segment BANK_RELAYS, align 1
   \                     ??SampleApp_Init?relay:
   \   000000   12....       LCALL   ?BDISPATCH
   \   000003   ......       DC24    SampleApp_Init

   \                                 In  segment BANK_RELAYS, align 1
   \                     ??SampleApp_ProcessEvent?relay:
   \   000000   12....       LCALL   ?BDISPATCH
   \   000003   ......       DC24    SampleApp_ProcessEvent

   \                                 In  segment BANK_RELAYS, align 1
   \                     ??SampleApp_HandleKeys?relay:
   \   000000   12....       LCALL   ?BDISPATCH
   \   000003   ......       DC24    SampleApp_HandleKeys

   \                                 In  segment BANK_RELAYS, align 1
   \                     ??SampleApp_MessageMSGCB?relay:
   \   000000   12....       LCALL   ?BDISPATCH
   \   000003   ......       DC24    SampleApp_MessageMSGCB

   \                                 In  segment BANK_RELAYS, align 1
   \                     ??SampleApp_SendPeriodicMessage?relay:
   \   000000   12....       LCALL   ?BDISPATCH
   \   000003   ......       DC24    SampleApp_SendPeriodicMessage

   \                                 In  segment BANK_RELAYS, align 1
   \                     ??SampleApp_SendFlashMessage?relay:
   \   000000   12....       LCALL   ?BDISPATCH
   \   000003   ......       DC24    SampleApp_SendFlashMessage

   \                                 In  segment XDATA_ROM_C, align 1
   \                     `?<Constant "UartInit OK\\n">`:
   \   000000   55617274     DB "UartInit OK\012"
   \            496E6974
   \            204F4B0A
   \            00      

   \                                 In  segment XDATA_ROM_C, align 1
   \                     `?<Constant "Group 1">`:
   \   000000   47726F75     DB "Group 1"
   \            70203100

   \                                 In  segment XDATA_ROM_C, align 1
   \                     `?<Constant "Rx:">`:
   \   000000   52783A00     DB "Rx:"

   \                                 In  segment XDATA_ROM_C, align 1
   \                     `?<Constant "\\n">`:
   \   000000   0A00         DB "\012"

   \                                 In  segment XDATA_ROM_C, align 1
   \                     `?<Constant "0123456789">`:
   \   000000   30313233     DB "0123456789"
   \            34353637
   \            383900  
    469          
    470          /*********************************************************************
    471          *********************************************************************/

   Maximum stack usage in bytes:

     Function                       ISTACK PSTACK XSTACK
     --------                       ------ ------ ------
     SampleApp_HandleKeys               0      0     22
       -> SampleApp_SendFlashMessage
                                        0      0     20
       -> aps_FindGroup                 0      0     20
       -> aps_RemoveGroup               0      0     20
       -> aps_AddGroup                  0      0     20
     SampleApp_Init                     0      0     14
       -> MT_UartInit                   0      0     22
       -> MT_UartRegisterTaskID         0      0     22
       -> HalUARTWrite                  0      0     22
       -> afRegister                    0      0     22
       -> RegisterForKeys               0      0     22
       -> osal_memcpy                   0      0     28
       -> aps_AddGroup                  0      0     22
     SampleApp_MessageMSGCB             0      0     22
       -> HalUARTWrite                  0      0     20
       -> HalUARTWrite                  0      0     20
       -> HalUARTWrite                  0      0     20
       -> HalLedBlink                   0      0     20
     SampleApp_ProcessEvent             0      0     12
       -> osal_msg_receive              0      0     24
       -> osal_start_timerEx            0      0     24
       -> osal_msg_deallocate           0      0     24
       -> osal_msg_receive              0      0     24
       -> SampleApp_HandleKeys          0      0     24
       -> SampleApp_MessageMSGCB        0      0     24
       -> SampleApp_SendPeriodicMessage
                                        0      0     24
       -> osal_rand                     0      0     24
       -> osal_start_timerEx            0      0     24
     SampleApp_SendFlashMessage         1      0     32
       -> AF_DataRequest                0      0     44
     SampleApp_SendPeriodicMessage      2      0     42
       -> AF_DataRequest                0      0     60


   Segment part sizes:

     Function/Label                        Bytes
     --------------                        -----
     SampleApp_ClusterList                    4
     SampleApp_SimpleDesc                    12
     SampleApp_epDesc                         6
     SampleApp_TaskID                         1
     SampleApp_NwkState                       1
     SampleApp_TransID                        1
     SampleApp_Periodic_DstAddr              12
     SampleApp_Flash_DstAddr                 12
     SampleApp_Group                         18
     SampleAppPeriodicCounter                 1
     SampleAppFlashCounter                    1
     SampleApp_Init                         172
     SampleApp_ProcessEvent                 171
     SampleApp_HandleKeys                    61
     ??Subroutine2_0                          5
     SampleApp_MessageMSGCB                 147
     ?Subroutine1                            12
     ?Subroutine0                             3
     SampleApp_SendPeriodicMessage          108
     SampleApp_SendFlashMessage             118
     ??SampleApp_Init?relay                   6
     ??SampleApp_ProcessEvent?relay           6
     ??SampleApp_HandleKeys?relay             6
     ??SampleApp_MessageMSGCB?relay           6
     ??SampleApp_SendPeriodicMessage?relay    6
     ??SampleApp_SendFlashMessage?relay       6
     ?<Constant "UartInit OK\n">             13
     ?<Constant "Group 1">                    8
     ?<Constant "Rx:">                        4
     ?<Constant "\n">                         2
     ?<Constant "0123456789">                11

 
 797 bytes in segment BANKED_CODE
  36 bytes in segment BANK_RELAYS
  54 bytes in segment XDATA_ROM_C
  53 bytes in segment XDATA_Z
 
 833 bytes of CODE  memory
  54 bytes of CONST memory
  53 bytes of XDATA memory

Errors: none
Warnings: none
